#
# There is insufficient memory for the Java Runtime Environment to continue.
# Native memory allocation (malloc) failed to allocate 640816 bytes for Chunk::new
# Possible reasons:
#   The system is out of physical RAM or swap space
#   The process is running with CompressedOops enabled, and the Java Heap may be blocking the growth of the native heap
# Possible solutions:
#   Reduce memory load on the system
#   Increase physical memory or swap space
#   Check if swap backing store is full
#   Decrease Java heap size (-Xmx/-Xms)
#   Decrease number of Java threads
#   Decrease Java thread stack sizes (-Xss)
#   Set larger code cache with -XX:ReservedCodeCacheSize=
#   JVM is running with Unscaled Compressed Oops mode in which the Java heap is
#     placed in the first 4GB address space. The Java Heap base address is the
#     maximum limit for the native heap growth. Please use -XX:HeapBaseMinAddress
#     to set the Java Heap base and to place the Java Heap above 4GB virtual address.
# This output file may be truncated or incomplete.
#
#  Out of Memory Error (./src/hotspot/share/memory/arena.cpp:197), pid=9620, tid=3048
#
# JRE version: OpenJDK Runtime Environment JBR-11.0.12.7-1504.40-jcef (11.0.12+7) (build 11.0.12+7-b1504.40)
# Java VM: OpenJDK 64-Bit Server VM JBR-11.0.12.7-1504.40-jcef (11.0.12+7-b1504.40, mixed mode, tiered, compressed oops, g1 gc, windows-amd64)
# No core dump will be written. Minidumps are not enabled by default on client versions of Windows
#

---------------  S U M M A R Y ------------

Command Line: -Djava.rmi.server.hostname=127.0.0.1 -Duser.timezone=UTC -Xmx1527m -Xms128m -Dfile.encoding=UTF-8 com.intellij.database.remote.RemoteJdbcServer com.mysql.cj.jdbc.Driver

Host: Intel(R) Xeon(R) CPU E31220 @ 3.10GHz, 4 cores, 11G,  Windows 10 , 64 bit Build 19041 (10.0.19041.1348)
Time: Tue Nov 23 00:57:40 2021 RTZ 3 (зима) elapsed time: 2424.052983 seconds (0d 0h 40m 24s)

---------------  T H R E A D  ---------------

Current thread (0x000001cffa081800):  JavaThread "C2 CompilerThread0" daemon [_thread_in_native, id=3048, stack(0x0000005cb7e00000,0x0000005cb7f00000)]


Current CompileTask:
C2:2424056 3365   !   4       java.io.ObjectOutputStream::writeSerialData (221 bytes)

Stack: [0x0000005cb7e00000,0x0000005cb7f00000]
Native frames: (J=compiled Java code, j=interpreted, Vv=VM code, C=native code)
V  [jvm.dll+0x5ff40a]
V  [jvm.dll+0x783b65]
V  [jvm.dll+0x78517d]
V  [jvm.dll+0x785833]
V  [jvm.dll+0x249408]
V  [jvm.dll+0xc12ac]
V  [jvm.dll+0xc17dc]
V  [jvm.dll+0x35cfeb]
V  [jvm.dll+0x32a383]
V  [jvm.dll+0x32987a]
V  [jvm.dll+0x201f92]
V  [jvm.dll+0x201124]
V  [jvm.dll+0x18ae6c]
V  [jvm.dll+0x20fb97]
V  [jvm.dll+0x20e3c1]
V  [jvm.dll+0x74b88f]
V  [jvm.dll+0x744355]
V  [jvm.dll+0x5fe316]
C  [ucrtbase.dll+0x21bb2]
C  [KERNEL32.DLL+0x17034]
C  [ntdll.dll+0x52651]


---------------  P R O C E S S  ---------------

Threads class SMR info:
_java_thread_list=0x000001cffc3a7a70, length=18, elements={
0x000001cfee6fe000, 0x000001cffa060000, 0x000001cffa061800, 0x000001cffa07b800,
0x000001cffa07c800, 0x000001cffa07e000, 0x000001cffa081800, 0x000001cffa087800,
0x000001cffa0ad800, 0x000001cffab4f000, 0x000001cffac58800, 0x000001cffae70800,
0x000001cffae73000, 0x000001cffaed4800, 0x000001cffaed9000, 0x000001cffbf85800,
0x000001cffc2b5000, 0x000001cffb330000
}

Java Threads: ( => current thread )
  0x000001cfee6fe000 JavaThread "main" [_thread_blocked, id=14600, stack(0x0000005cb7200000,0x0000005cb7300000)]
  0x000001cffa060000 JavaThread "Reference Handler" daemon [_thread_blocked, id=232, stack(0x0000005cb7900000,0x0000005cb7a00000)]
  0x000001cffa061800 JavaThread "Finalizer" daemon [_thread_blocked, id=12532, stack(0x0000005cb7a00000,0x0000005cb7b00000)]
  0x000001cffa07b800 JavaThread "Signal Dispatcher" daemon [_thread_blocked, id=6488, stack(0x0000005cb7b00000,0x0000005cb7c00000)]
  0x000001cffa07c800 JavaThread "Attach Listener" daemon [_thread_blocked, id=5044, stack(0x0000005cb7c00000,0x0000005cb7d00000)]
  0x000001cffa07e000 JavaThread "Service Thread" daemon [_thread_blocked, id=7316, stack(0x0000005cb7d00000,0x0000005cb7e00000)]
=>0x000001cffa081800 JavaThread "C2 CompilerThread0" daemon [_thread_in_native, id=3048, stack(0x0000005cb7e00000,0x0000005cb7f00000)]
  0x000001cffa087800 JavaThread "C1 CompilerThread0" daemon [_thread_blocked, id=7688, stack(0x0000005cb7f00000,0x0000005cb8000000)]
  0x000001cffa0ad800 JavaThread "Sweeper thread" daemon [_thread_blocked, id=7540, stack(0x0000005cb8000000,0x0000005cb8100000)]
  0x000001cffab4f000 JavaThread "Common-Cleaner" daemon [_thread_blocked, id=14816, stack(0x0000005cb8200000,0x0000005cb8300000)]
  0x000001cffac58800 JavaThread "mysql-cj-abandoned-connection-cleanup" daemon [_thread_blocked, id=5308, stack(0x0000005cb8300000,0x0000005cb8400000)]
  0x000001cffae70800 JavaThread "RMI TCP Accept-62250" daemon [_thread_in_native, id=1956, stack(0x0000005cb8400000,0x0000005cb8500000)]
  0x000001cffae73000 JavaThread "RMI TCP Accept-0" daemon [_thread_in_native, id=14760, stack(0x0000005cb8500000,0x0000005cb8600000)]
  0x000001cffaed4800 JavaThread "RMI Reaper" [_thread_blocked, id=10968, stack(0x0000005cb8600000,0x0000005cb8700000)]
  0x000001cffaed9000 JavaThread "RMI GC Daemon" daemon [_thread_blocked, id=2988, stack(0x0000005cb8700000,0x0000005cb8800000)]
  0x000001cffbf85800 JavaThread "RMI TCP Connection(1)-127.0.0.1" daemon [_thread_in_native, id=8380, stack(0x0000005cb8900000,0x0000005cb8a00000)]
  0x000001cffc2b5000 JavaThread "RMI Scheduler(0)" daemon [_thread_blocked, id=14480, stack(0x0000005cb8b00000,0x0000005cb8c00000)]
  0x000001cffb330000 JavaThread "RMI TCP Connection(5)-127.0.0.1" daemon [_thread_in_native, id=12152, stack(0x0000005cb7000000,0x0000005cb7100000)]

Other Threads:
  0x000001cffa039000 VMThread "VM Thread" [stack: 0x0000005cb7800000,0x0000005cb7900000] [id=6712]
  0x000001cffab4b800 WatcherThread [stack: 0x0000005cb8100000,0x0000005cb8200000] [id=8768]
  0x000001cfee716800 GCTaskThread "GC Thread#0" [stack: 0x0000005cb7300000,0x0000005cb7400000] [id=2692]
  0x000001cffaf46800 GCTaskThread "GC Thread#1" [stack: 0x0000005cb8800000,0x0000005cb8900000] [id=13820]
  0x000001cffc036000 GCTaskThread "GC Thread#2" [stack: 0x0000005cb8c00000,0x0000005cb8d00000] [id=8900]
  0x000001cffaf66000 GCTaskThread "GC Thread#3" [stack: 0x0000005cb8d00000,0x0000005cb8e00000] [id=10200]
  0x000001cfee73f800 ConcurrentGCThread "G1 Main Marker" [stack: 0x0000005cb7400000,0x0000005cb7500000] [id=14064]
  0x000001cfee742000 ConcurrentGCThread "G1 Conc#0" [stack: 0x0000005cb7500000,0x0000005cb7600000] [id=13816]
  0x000001cfee7cf000 ConcurrentGCThread "G1 Refine#0" [stack: 0x0000005cb7600000,0x0000005cb7700000] [id=3712]
  0x000001cfee7d1000 ConcurrentGCThread "G1 Young RemSet Sampling" [stack: 0x0000005cb7700000,0x0000005cb7800000] [id=13692]

Threads with active compile tasks:
C2 CompilerThread02424235 3365   !   4       java.io.ObjectOutputStream::writeSerialData (221 bytes)

VM state:not at safepoint (normal execution)

VM Mutex/Monitor currently owned by a thread: None

Heap address: 0x00000000a0800000, size: 1528 MB, Compressed Oops mode: 32-bit
Narrow klass base: 0x0000000000000000, Narrow klass shift: 3
Compressed class space size: 1073741824 Address: 0x0000000100000000

Heap:
 garbage-first heap   total 131072K, used 39717K [0x00000000a0800000, 0x0000000100000000)
  region size 1024K, 33 young (33792K), 1 survivors (1024K)
 Metaspace       used 22888K, capacity 23747K, committed 23936K, reserved 1071104K
  class space    used 2334K, capacity 2635K, committed 2688K, reserved 1048576K
Heap Regions: E=young(eden), S=young(survivor), O=old, HS=humongous(starts), HC=humongous(continues), CS=collection set, F=free, A=archive, TAMS=top-at-mark-start (previous, next)
|   0|0x00000000a0800000, 0x00000000a0900000, 0x00000000a0900000|100%|HS|  |TAMS 0x00000000a0900000, 0x00000000a0800000| Complete 
|   1|0x00000000a0900000, 0x00000000a0a00000, 0x00000000a0a00000|100%| O|  |TAMS 0x00000000a09f8600, 0x00000000a0900000| Untracked 
|   2|0x00000000a0a00000, 0x00000000a0b00000, 0x00000000a0b00000|100%| O|  |TAMS 0x00000000a0a00000, 0x00000000a0a00000| Untracked 
|   3|0x00000000a0b00000, 0x00000000a0c00000, 0x00000000a0c00000|100%| O|  |TAMS 0x00000000a0b00000, 0x00000000a0b00000| Untracked 
|   4|0x00000000a0c00000, 0x00000000a0d00000, 0x00000000a0d00000|100%| O|  |TAMS 0x00000000a0c00000, 0x00000000a0c00000| Untracked 
|   5|0x00000000a0d00000, 0x00000000a0e00000, 0x00000000a0e00000|100%| O|  |TAMS 0x00000000a0d00000, 0x00000000a0d00000| Untracked 
|   6|0x00000000a0e00000, 0x00000000a0ecd000, 0x00000000a0f00000| 80%| O|  |TAMS 0x00000000a0e00000, 0x00000000a0e00000| Untracked 
|   7|0x00000000a0f00000, 0x00000000a0f00000, 0x00000000a1000000|  0%| F|  |TAMS 0x00000000a0f00000, 0x00000000a0f00000| Untracked 
|   8|0x00000000a1000000, 0x00000000a1000000, 0x00000000a1100000|  0%| F|  |TAMS 0x00000000a1000000, 0x00000000a1000000| Untracked 
|   9|0x00000000a1100000, 0x00000000a1100000, 0x00000000a1200000|  0%| F|  |TAMS 0x00000000a1100000, 0x00000000a1100000| Untracked 
|  10|0x00000000a1200000, 0x00000000a1200000, 0x00000000a1300000|  0%| F|  |TAMS 0x00000000a1200000, 0x00000000a1200000| Untracked 
|  11|0x00000000a1300000, 0x00000000a1300000, 0x00000000a1400000|  0%| F|  |TAMS 0x00000000a1300000, 0x00000000a1300000| Untracked 
|  12|0x00000000a1400000, 0x00000000a1400000, 0x00000000a1500000|  0%| F|  |TAMS 0x00000000a1400000, 0x00000000a1400000| Untracked 
|  13|0x00000000a1500000, 0x00000000a1500000, 0x00000000a1600000|  0%| F|  |TAMS 0x00000000a1500000, 0x00000000a1500000| Untracked 
|  14|0x00000000a1600000, 0x00000000a1600000, 0x00000000a1700000|  0%| F|  |TAMS 0x00000000a1600000, 0x00000000a1600000| Untracked 
|  15|0x00000000a1700000, 0x00000000a1700000, 0x00000000a1800000|  0%| F|  |TAMS 0x00000000a1700000, 0x00000000a1700000| Untracked 
|  16|0x00000000a1800000, 0x00000000a1800000, 0x00000000a1900000|  0%| F|  |TAMS 0x00000000a1800000, 0x00000000a1800000| Untracked 
|  17|0x00000000a1900000, 0x00000000a1900000, 0x00000000a1a00000|  0%| F|  |TAMS 0x00000000a1900000, 0x00000000a1900000| Untracked 
|  18|0x00000000a1a00000, 0x00000000a1a00000, 0x00000000a1b00000|  0%| F|  |TAMS 0x00000000a1a00000, 0x00000000a1a00000| Untracked 
|  19|0x00000000a1b00000, 0x00000000a1b00000, 0x00000000a1c00000|  0%| F|  |TAMS 0x00000000a1b00000, 0x00000000a1b00000| Untracked 
|  20|0x00000000a1c00000, 0x00000000a1c00000, 0x00000000a1d00000|  0%| F|  |TAMS 0x00000000a1c00000, 0x00000000a1c00000| Untracked 
|  21|0x00000000a1d00000, 0x00000000a1d00000, 0x00000000a1e00000|  0%| F|  |TAMS 0x00000000a1d00000, 0x00000000a1d00000| Untracked 
|  22|0x00000000a1e00000, 0x00000000a1e00000, 0x00000000a1f00000|  0%| F|  |TAMS 0x00000000a1e00000, 0x00000000a1e00000| Untracked 
|  23|0x00000000a1f00000, 0x00000000a1f00000, 0x00000000a2000000|  0%| F|  |TAMS 0x00000000a1f00000, 0x00000000a1f00000| Untracked 
|  24|0x00000000a2000000, 0x00000000a2000000, 0x00000000a2100000|  0%| F|  |TAMS 0x00000000a2000000, 0x00000000a2000000| Untracked 
|  25|0x00000000a2100000, 0x00000000a2100000, 0x00000000a2200000|  0%| F|  |TAMS 0x00000000a2100000, 0x00000000a2100000| Untracked 
|  26|0x00000000a2200000, 0x00000000a2200000, 0x00000000a2300000|  0%| F|  |TAMS 0x00000000a2200000, 0x00000000a2200000| Untracked 
|  27|0x00000000a2300000, 0x00000000a2300000, 0x00000000a2400000|  0%| F|  |TAMS 0x00000000a2300000, 0x00000000a2300000| Untracked 
|  28|0x00000000a2400000, 0x00000000a2400000, 0x00000000a2500000|  0%| F|  |TAMS 0x00000000a2400000, 0x00000000a2400000| Untracked 
|  29|0x00000000a2500000, 0x00000000a2500000, 0x00000000a2600000|  0%| F|  |TAMS 0x00000000a2500000, 0x00000000a2500000| Untracked 
|  30|0x00000000a2600000, 0x00000000a2600000, 0x00000000a2700000|  0%| F|  |TAMS 0x00000000a2600000, 0x00000000a2600000| Untracked 
|  31|0x00000000a2700000, 0x00000000a2700000, 0x00000000a2800000|  0%| F|  |TAMS 0x00000000a2700000, 0x00000000a2700000| Untracked 
|  32|0x00000000a2800000, 0x00000000a2800000, 0x00000000a2900000|  0%| F|  |TAMS 0x00000000a2800000, 0x00000000a2800000| Untracked 
|  33|0x00000000a2900000, 0x00000000a2900000, 0x00000000a2a00000|  0%| F|  |TAMS 0x00000000a2900000, 0x00000000a2900000| Untracked 
|  34|0x00000000a2a00000, 0x00000000a2a00000, 0x00000000a2b00000|  0%| F|  |TAMS 0x00000000a2a00000, 0x00000000a2a00000| Untracked 
|  35|0x00000000a2b00000, 0x00000000a2b00000, 0x00000000a2c00000|  0%| F|  |TAMS 0x00000000a2b00000, 0x00000000a2b00000| Untracked 
|  36|0x00000000a2c00000, 0x00000000a2c00000, 0x00000000a2d00000|  0%| F|  |TAMS 0x00000000a2c00000, 0x00000000a2c00000| Untracked 
|  37|0x00000000a2d00000, 0x00000000a2d00000, 0x00000000a2e00000|  0%| F|  |TAMS 0x00000000a2d00000, 0x00000000a2d00000| Untracked 
|  38|0x00000000a2e00000, 0x00000000a2e00000, 0x00000000a2f00000|  0%| F|  |TAMS 0x00000000a2e00000, 0x00000000a2e00000| Untracked 
|  39|0x00000000a2f00000, 0x00000000a2f00000, 0x00000000a3000000|  0%| F|  |TAMS 0x00000000a2f00000, 0x00000000a2f00000| Untracked 
|  40|0x00000000a3000000, 0x00000000a3000000, 0x00000000a3100000|  0%| F|  |TAMS 0x00000000a3000000, 0x00000000a3000000| Untracked 
|  41|0x00000000a3100000, 0x00000000a3100000, 0x00000000a3200000|  0%| F|  |TAMS 0x00000000a3100000, 0x00000000a3100000| Untracked 
|  42|0x00000000a3200000, 0x00000000a3200000, 0x00000000a3300000|  0%| F|  |TAMS 0x00000000a3200000, 0x00000000a3200000| Untracked 
|  43|0x00000000a3300000, 0x00000000a3300000, 0x00000000a3400000|  0%| F|  |TAMS 0x00000000a3300000, 0x00000000a3300000| Untracked 
|  44|0x00000000a3400000, 0x00000000a3400000, 0x00000000a3500000|  0%| F|  |TAMS 0x00000000a3400000, 0x00000000a3400000| Untracked 
|  45|0x00000000a3500000, 0x00000000a3500000, 0x00000000a3600000|  0%| F|  |TAMS 0x00000000a3500000, 0x00000000a3500000| Untracked 
|  46|0x00000000a3600000, 0x00000000a3600000, 0x00000000a3700000|  0%| F|  |TAMS 0x00000000a3600000, 0x00000000a3600000| Untracked 
|  47|0x00000000a3700000, 0x00000000a3700000, 0x00000000a3800000|  0%| F|  |TAMS 0x00000000a3700000, 0x00000000a3700000| Untracked 
|  48|0x00000000a3800000, 0x00000000a3800000, 0x00000000a3900000|  0%| F|  |TAMS 0x00000000a3800000, 0x00000000a3800000| Untracked 
|  49|0x00000000a3900000, 0x00000000a3900000, 0x00000000a3a00000|  0%| F|  |TAMS 0x00000000a3900000, 0x00000000a3900000| Untracked 
|  50|0x00000000a3a00000, 0x00000000a3a00000, 0x00000000a3b00000|  0%| F|  |TAMS 0x00000000a3a00000, 0x00000000a3a00000| Untracked 
|  51|0x00000000a3b00000, 0x00000000a3b00000, 0x00000000a3c00000|  0%| F|  |TAMS 0x00000000a3b00000, 0x00000000a3b00000| Untracked 
|  52|0x00000000a3c00000, 0x00000000a3c00000, 0x00000000a3d00000|  0%| F|  |TAMS 0x00000000a3c00000, 0x00000000a3c00000| Untracked 
|  53|0x00000000a3d00000, 0x00000000a3d00000, 0x00000000a3e00000|  0%| F|  |TAMS 0x00000000a3d00000, 0x00000000a3d00000| Untracked 
|  54|0x00000000a3e00000, 0x00000000a3e00000, 0x00000000a3f00000|  0%| F|  |TAMS 0x00000000a3e00000, 0x00000000a3e00000| Untracked 
|  55|0x00000000a3f00000, 0x00000000a3f00000, 0x00000000a4000000|  0%| F|  |TAMS 0x00000000a3f00000, 0x00000000a3f00000| Untracked 
|  56|0x00000000a4000000, 0x00000000a4000000, 0x00000000a4100000|  0%| F|  |TAMS 0x00000000a4000000, 0x00000000a4000000| Untracked 
|  57|0x00000000a4100000, 0x00000000a4100000, 0x00000000a4200000|  0%| F|  |TAMS 0x00000000a4100000, 0x00000000a4100000| Untracked 
|  58|0x00000000a4200000, 0x00000000a4200000, 0x00000000a4300000|  0%| F|  |TAMS 0x00000000a4200000, 0x00000000a4200000| Untracked 
|  59|0x00000000a4300000, 0x00000000a4300000, 0x00000000a4400000|  0%| F|  |TAMS 0x00000000a4300000, 0x00000000a4300000| Untracked 
|  60|0x00000000a4400000, 0x00000000a4400000, 0x00000000a4500000|  0%| F|  |TAMS 0x00000000a4400000, 0x00000000a4400000| Untracked 
|  61|0x00000000a4500000, 0x00000000a4500000, 0x00000000a4600000|  0%| F|  |TAMS 0x00000000a4500000, 0x00000000a4500000| Untracked 
|  62|0x00000000a4600000, 0x00000000a4600000, 0x00000000a4700000|  0%| F|  |TAMS 0x00000000a4600000, 0x00000000a4600000| Untracked 
|  63|0x00000000a4700000, 0x00000000a4700000, 0x00000000a4800000|  0%| F|  |TAMS 0x00000000a4700000, 0x00000000a4700000| Untracked 
|  64|0x00000000a4800000, 0x00000000a4800000, 0x00000000a4900000|  0%| F|  |TAMS 0x00000000a4800000, 0x00000000a4800000| Untracked 
|  65|0x00000000a4900000, 0x00000000a4900000, 0x00000000a4a00000|  0%| F|  |TAMS 0x00000000a4900000, 0x00000000a4900000| Untracked 
|  66|0x00000000a4a00000, 0x00000000a4a00000, 0x00000000a4b00000|  0%| F|  |TAMS 0x00000000a4a00000, 0x00000000a4a00000| Untracked 
|  67|0x00000000a4b00000, 0x00000000a4b00000, 0x00000000a4c00000|  0%| F|  |TAMS 0x00000000a4b00000, 0x00000000a4b00000| Untracked 
|  68|0x00000000a4c00000, 0x00000000a4c00000, 0x00000000a4d00000|  0%| F|  |TAMS 0x00000000a4c00000, 0x00000000a4c00000| Untracked 
|  69|0x00000000a4d00000, 0x00000000a4d00000, 0x00000000a4e00000|  0%| F|  |TAMS 0x00000000a4d00000, 0x00000000a4d00000| Untracked 
|  70|0x00000000a4e00000, 0x00000000a4e00000, 0x00000000a4f00000|  0%| F|  |TAMS 0x00000000a4e00000, 0x00000000a4e00000| Untracked 
|  71|0x00000000a4f00000, 0x00000000a4f00000, 0x00000000a5000000|  0%| F|  |TAMS 0x00000000a4f00000, 0x00000000a4f00000| Untracked 
|  72|0x00000000a5000000, 0x00000000a5000000, 0x00000000a5100000|  0%| F|  |TAMS 0x00000000a5000000, 0x00000000a5000000| Untracked 
|  73|0x00000000a5100000, 0x00000000a5100000, 0x00000000a5200000|  0%| F|  |TAMS 0x00000000a5100000, 0x00000000a5100000| Untracked 
|  74|0x00000000a5200000, 0x00000000a5200000, 0x00000000a5300000|  0%| F|  |TAMS 0x00000000a5200000, 0x00000000a5200000| Untracked 
|  75|0x00000000a5300000, 0x00000000a5300000, 0x00000000a5400000|  0%| F|  |TAMS 0x00000000a5300000, 0x00000000a5300000| Untracked 
|  76|0x00000000a5400000, 0x00000000a5400000, 0x00000000a5500000|  0%| F|  |TAMS 0x00000000a5400000, 0x00000000a5400000| Untracked 
|  77|0x00000000a5500000, 0x00000000a5500000, 0x00000000a5600000|  0%| F|  |TAMS 0x00000000a5500000, 0x00000000a5500000| Untracked 
|  78|0x00000000a5600000, 0x00000000a5600000, 0x00000000a5700000|  0%| F|  |TAMS 0x00000000a5600000, 0x00000000a5600000| Untracked 
|  79|0x00000000a5700000, 0x00000000a5700000, 0x00000000a5800000|  0%| F|  |TAMS 0x00000000a5700000, 0x00000000a5700000| Untracked 
|  80|0x00000000a5800000, 0x00000000a5800000, 0x00000000a5900000|  0%| F|  |TAMS 0x00000000a5800000, 0x00000000a5800000| Untracked 
|  81|0x00000000a5900000, 0x00000000a5900000, 0x00000000a5a00000|  0%| F|  |TAMS 0x00000000a5900000, 0x00000000a5900000| Untracked 
|  82|0x00000000a5a00000, 0x00000000a5a00000, 0x00000000a5b00000|  0%| F|  |TAMS 0x00000000a5a00000, 0x00000000a5a00000| Untracked 
|  83|0x00000000a5b00000, 0x00000000a5b00000, 0x00000000a5c00000|  0%| F|  |TAMS 0x00000000a5b00000, 0x00000000a5b00000| Untracked 
|  84|0x00000000a5c00000, 0x00000000a5c00000, 0x00000000a5d00000|  0%| F|  |TAMS 0x00000000a5c00000, 0x00000000a5c00000| Untracked 
|  85|0x00000000a5d00000, 0x00000000a5d00000, 0x00000000a5e00000|  0%| F|  |TAMS 0x00000000a5d00000, 0x00000000a5d00000| Untracked 
|  86|0x00000000a5e00000, 0x00000000a5e00000, 0x00000000a5f00000|  0%| F|  |TAMS 0x00000000a5e00000, 0x00000000a5e00000| Untracked 
|  87|0x00000000a5f00000, 0x00000000a5f00000, 0x00000000a6000000|  0%| F|  |TAMS 0x00000000a5f00000, 0x00000000a5f00000| Untracked 
|  88|0x00000000a6000000, 0x00000000a6000000, 0x00000000a6100000|  0%| F|  |TAMS 0x00000000a6000000, 0x00000000a6000000| Untracked 
|  89|0x00000000a6100000, 0x00000000a61fc588, 0x00000000a6200000| 98%| S|CS|TAMS 0x00000000a6100000, 0x00000000a6100000| Complete 
|  90|0x00000000a6200000, 0x00000000a6200000, 0x00000000a6300000|  0%| F|  |TAMS 0x00000000a6200000, 0x00000000a6200000| Untracked 
|  91|0x00000000a6300000, 0x00000000a6300000, 0x00000000a6400000|  0%| F|  |TAMS 0x00000000a6300000, 0x00000000a6300000| Untracked 
|  92|0x00000000a6400000, 0x00000000a6400000, 0x00000000a6500000|  0%| F|  |TAMS 0x00000000a6400000, 0x00000000a6400000| Untracked 
|  93|0x00000000a6500000, 0x00000000a6500000, 0x00000000a6600000|  0%| F|  |TAMS 0x00000000a6500000, 0x00000000a6500000| Untracked 
|  94|0x00000000a6600000, 0x00000000a6600000, 0x00000000a6700000|  0%| F|  |TAMS 0x00000000a6600000, 0x00000000a6600000| Untracked 
|  95|0x00000000a6700000, 0x00000000a6700000, 0x00000000a6800000|  0%| F|  |TAMS 0x00000000a6700000, 0x00000000a6700000| Untracked 
|  96|0x00000000a6800000, 0x00000000a6831148, 0x00000000a6900000| 19%| E|  |TAMS 0x00000000a6800000, 0x00000000a6800000| Complete 
|  97|0x00000000a6900000, 0x00000000a6a00000, 0x00000000a6a00000|100%| E|CS|TAMS 0x00000000a6900000, 0x00000000a6900000| Complete 
|  98|0x00000000a6a00000, 0x00000000a6b00000, 0x00000000a6b00000|100%| E|CS|TAMS 0x00000000a6a00000, 0x00000000a6a00000| Complete 
|  99|0x00000000a6b00000, 0x00000000a6c00000, 0x00000000a6c00000|100%| E|CS|TAMS 0x00000000a6b00000, 0x00000000a6b00000| Complete 
| 100|0x00000000a6c00000, 0x00000000a6d00000, 0x00000000a6d00000|100%| E|CS|TAMS 0x00000000a6c00000, 0x00000000a6c00000| Complete 
| 101|0x00000000a6d00000, 0x00000000a6e00000, 0x00000000a6e00000|100%| E|CS|TAMS 0x00000000a6d00000, 0x00000000a6d00000| Complete 
| 102|0x00000000a6e00000, 0x00000000a6f00000, 0x00000000a6f00000|100%| E|CS|TAMS 0x00000000a6e00000, 0x00000000a6e00000| Complete 
| 103|0x00000000a6f00000, 0x00000000a7000000, 0x00000000a7000000|100%| E|CS|TAMS 0x00000000a6f00000, 0x00000000a6f00000| Complete 
| 104|0x00000000a7000000, 0x00000000a7100000, 0x00000000a7100000|100%| E|CS|TAMS 0x00000000a7000000, 0x00000000a7000000| Complete 
| 105|0x00000000a7100000, 0x00000000a7200000, 0x00000000a7200000|100%| E|CS|TAMS 0x00000000a7100000, 0x00000000a7100000| Complete 
| 106|0x00000000a7200000, 0x00000000a7300000, 0x00000000a7300000|100%| E|CS|TAMS 0x00000000a7200000, 0x00000000a7200000| Complete 
| 107|0x00000000a7300000, 0x00000000a7400000, 0x00000000a7400000|100%| E|CS|TAMS 0x00000000a7300000, 0x00000000a7300000| Complete 
| 108|0x00000000a7400000, 0x00000000a7500000, 0x00000000a7500000|100%| E|CS|TAMS 0x00000000a7400000, 0x00000000a7400000| Complete 
| 109|0x00000000a7500000, 0x00000000a7600000, 0x00000000a7600000|100%| E|CS|TAMS 0x00000000a7500000, 0x00000000a7500000| Complete 
| 110|0x00000000a7600000, 0x00000000a7700000, 0x00000000a7700000|100%| E|CS|TAMS 0x00000000a7600000, 0x00000000a7600000| Complete 
| 111|0x00000000a7700000, 0x00000000a7800000, 0x00000000a7800000|100%| E|CS|TAMS 0x00000000a7700000, 0x00000000a7700000| Complete 
| 112|0x00000000a7800000, 0x00000000a7900000, 0x00000000a7900000|100%| E|CS|TAMS 0x00000000a7800000, 0x00000000a7800000| Complete 
| 113|0x00000000a7900000, 0x00000000a7a00000, 0x00000000a7a00000|100%| E|CS|TAMS 0x00000000a7900000, 0x00000000a7900000| Complete 
| 114|0x00000000a7a00000, 0x00000000a7b00000, 0x00000000a7b00000|100%| E|CS|TAMS 0x00000000a7a00000, 0x00000000a7a00000| Complete 
| 115|0x00000000a7b00000, 0x00000000a7c00000, 0x00000000a7c00000|100%| E|CS|TAMS 0x00000000a7b00000, 0x00000000a7b00000| Complete 
| 116|0x00000000a7c00000, 0x00000000a7d00000, 0x00000000a7d00000|100%| E|CS|TAMS 0x00000000a7c00000, 0x00000000a7c00000| Complete 
| 117|0x00000000a7d00000, 0x00000000a7e00000, 0x00000000a7e00000|100%| E|CS|TAMS 0x00000000a7d00000, 0x00000000a7d00000| Complete 
| 118|0x00000000a7e00000, 0x00000000a7f00000, 0x00000000a7f00000|100%| E|CS|TAMS 0x00000000a7e00000, 0x00000000a7e00000| Complete 
| 119|0x00000000a7f00000, 0x00000000a8000000, 0x00000000a8000000|100%| E|CS|TAMS 0x00000000a7f00000, 0x00000000a7f00000| Complete 
| 120|0x00000000a8000000, 0x00000000a8100000, 0x00000000a8100000|100%| E|CS|TAMS 0x00000000a8000000, 0x00000000a8000000| Complete 
| 121|0x00000000a8100000, 0x00000000a8200000, 0x00000000a8200000|100%| E|CS|TAMS 0x00000000a8100000, 0x00000000a8100000| Complete 
| 122|0x00000000a8200000, 0x00000000a8300000, 0x00000000a8300000|100%| E|CS|TAMS 0x00000000a8200000, 0x00000000a8200000| Complete 
| 123|0x00000000a8300000, 0x00000000a8400000, 0x00000000a8400000|100%| E|CS|TAMS 0x00000000a8300000, 0x00000000a8300000| Complete 
| 124|0x00000000a8400000, 0x00000000a8500000, 0x00000000a8500000|100%| E|CS|TAMS 0x00000000a8400000, 0x00000000a8400000| Complete 
| 125|0x00000000a8500000, 0x00000000a8600000, 0x00000000a8600000|100%| E|CS|TAMS 0x00000000a8500000, 0x00000000a8500000| Complete 
| 126|0x00000000a8600000, 0x00000000a8700000, 0x00000000a8700000|100%| E|CS|TAMS 0x00000000a8600000, 0x00000000a8600000| Complete 
| 127|0x00000000a8700000, 0x00000000a8800000, 0x00000000a8800000|100%| E|CS|TAMS 0x00000000a8700000, 0x00000000a8700000| Complete 

Card table byte_map: [0x000001cff4470000,0x000001cff4770000] _byte_map_base: 0x000001cff3f6c000

Marking Bits (Prev, Next): (CMBitMap*) 0x000001cfee738990, (CMBitMap*) 0x000001cfee738958
 Prev Bits: [0x000001cff6250000, 0x000001cff7a30000)
 Next Bits: [0x000001cff4a70000, 0x000001cff6250000)

Polling page: 0x000001cfee7e0000

Metaspace:

Usage:
  Non-class:     20.62 MB capacity,    20.07 MB ( 97%) used,   483.14 KB (  2%) free+waste,    74.69 KB ( <1%) overhead. 
      Class:      2.57 MB capacity,     2.28 MB ( 89%) used,   265.18 KB ( 10%) free+waste,    35.38 KB (  1%) overhead. 
       Both:     23.19 MB capacity,    22.35 MB ( 96%) used,   748.32 KB (  3%) free+waste,   110.06 KB ( <1%) overhead. 

Virtual space:
  Non-class space:       22.00 MB reserved,      20.75 MB ( 94%) committed 
      Class space:        1.00 GB reserved,       2.63 MB ( <1%) committed 
             Both:        1.02 GB reserved,      23.38 MB (  2%) committed 

Chunk freelists:
   Non-Class:  8.00 KB
       Class:  0 bytes
        Both:  8.00 KB

MaxMetaspaceSize: 17179869184.00 GB
CompressedClassSpaceSize: 1.00 GB
Initial GC threshold: 20.80 MB
Current GC threshold: 35.08 MB
CDS: off

CodeHeap 'non-profiled nmethods': size=120064Kb used=1975Kb max_used=1975Kb free=118088Kb
 bounds [0x000001cf87ac0000, 0x000001cf87d30000, 0x000001cf8f000000]
CodeHeap 'profiled nmethods': size=120000Kb used=7551Kb max_used=7551Kb free=112448Kb
 bounds [0x000001cf80590000, 0x000001cf80cf0000, 0x000001cf87ac0000]
CodeHeap 'non-nmethods': size=5696Kb used=1245Kb max_used=1310Kb free=4450Kb
 bounds [0x000001cf80000000, 0x000001cf80270000, 0x000001cf80590000]
 total_blobs=3878 nmethods=3361 adapters=429
 compilation: enabled
              stopped_count=0, restarted_count=0
 full_count=0

Compilation events (20 events):
Event: 2420.026 Thread 0x000001cffa087800 nmethod 3355 0x000001cf80cec910 code [0x000001cf80cecb60, 0x000001cf80ced2a8]
Event: 2420.026 Thread 0x000001cffa087800 3356       3       com.mysql.cj.MysqlType::getClassName (18 bytes)
Event: 2420.026 Thread 0x000001cffa087800 nmethod 3356 0x000001cf80ced690 code [0x000001cf80ced860, 0x000001cf80cedaa8]
Event: 2420.101 Thread 0x000001cffa081800 3357       4       sun.rmi.server.MarshalOutputStream$1::run (5 bytes)
Event: 2420.102 Thread 0x000001cffa081800 nmethod 3357 0x000001cf87cace10 code [0x000001cf87cacfa0, 0x000001cf87cad058]
Event: 2420.102 Thread 0x000001cffa081800 3358       4       java.io.ObjectOutputStream::enableReplaceObject (47 bytes)
Event: 2420.102 Thread 0x000001cffa081800 nmethod 3358 0x000001cf87cad190 code [0x000001cf87cad320, 0x000001cf87cad3f8]
Event: 2420.104 Thread 0x000001cffa087800 3359       3       java.io.FileDescriptor$1::get (5 bytes)
Event: 2420.104 Thread 0x000001cffa087800 nmethod 3359 0x000001cf80cedb90 code [0x000001cf80cedd40, 0x000001cf80cede38]
Event: 2422.216 Thread 0x000001cffa087800 3360       3       com.mysql.cj.protocol.a.result.NativeResultset::<init> (108 bytes)
Event: 2422.216 Thread 0x000001cffa087800 nmethod 3360 0x000001cf80cedf10 code [0x000001cf80cee120, 0x000001cf80cee818]
Event: 2422.229 Thread 0x000001cffa081800 3361       4       com.sun.crypto.provider.GaloisCounterMode::expandToOneBlock (65 bytes)
Event: 2422.231 Thread 0x000001cffa081800 nmethod 3361 0x000001cf87cad510 code [0x000001cf87cad6c0, 0x000001cf87cad878]
Event: 2423.974 Thread 0x000001cffa081800 3362       4       com.sun.crypto.provider.GaloisCounterMode::getBufferedLength (17 bytes)
Event: 2423.976 Thread 0x000001cffa081800 nmethod 3362 0x000001cf87cad990 code [0x000001cf87cadb20, 0x000001cf87cadd38]
Event: 2424.004 Thread 0x000001cffa087800 3364       3       jdk.internal.reflect.Label::bind (74 bytes)
Event: 2424.005 Thread 0x000001cffa081800 3365   !   4       java.io.ObjectOutputStream::writeSerialData (221 bytes)
Event: 2424.005 Thread 0x000001cffa087800 nmethod 3364 0x000001cf80cee990 code [0x000001cf80ceebc0, 0x000001cf80cef2d8]
Event: 2424.005 Thread 0x000001cffa087800 3363       3       jdk.internal.reflect.Label::<init> (16 bytes)
Event: 2424.005 Thread 0x000001cffa087800 nmethod 3363 0x000001cf80cef590 code [0x000001cf80cef780, 0x000001cf80cefb78]

GC Heap History (8 events):
Event: 1.390 GC heap before
{Heap before GC invocations=0 (full 0):
 garbage-first heap   total 131072K, used 15360K [0x00000000a0800000, 0x0000000100000000)
  region size 1024K, 14 young (14336K), 0 survivors (0K)
 Metaspace       used 11870K, capacity 12403K, committed 12544K, reserved 1060864K
  class space    used 1250K, capacity 1476K, committed 1536K, reserved 1048576K
}
Event: 1.432 GC heap after
{Heap after GC invocations=1 (full 0):
 garbage-first heap   total 131072K, used 4065K [0x00000000a0800000, 0x0000000100000000)
  region size 1024K, 2 young (2048K), 2 survivors (2048K)
 Metaspace       used 11870K, capacity 12403K, committed 12544K, reserved 1060864K
  class space    used 1250K, capacity 1476K, committed 1536K, reserved 1048576K
}
Event: 2.617 GC heap before
{Heap before GC invocations=1 (full 0):
 garbage-first heap   total 131072K, used 25569K [0x00000000a0800000, 0x0000000100000000)
  region size 1024K, 24 young (24576K), 2 survivors (2048K)
 Metaspace       used 20595K, capacity 21205K, committed 21296K, reserved 1069056K
  class space    used 2197K, capacity 2419K, committed 2432K, reserved 1048576K
}
Event: 2.625 GC heap after
{Heap after GC invocations=2 (full 0):
 garbage-first heap   total 131072K, used 7079K [0x00000000a0800000, 0x0000000100000000)
  region size 1024K, 5 young (5120K), 5 survivors (5120K)
 Metaspace       used 20595K, capacity 21205K, committed 21296K, reserved 1069056K
  class space    used 2197K, capacity 2419K, committed 2432K, reserved 1048576K
}
Event: 279.844 GC heap before
{Heap before GC invocations=3 (full 0):
 garbage-first heap   total 131072K, used 31655K [0x00000000a0800000, 0x0000000100000000)
  region size 1024K, 29 young (29696K), 5 survivors (5120K)
 Metaspace       used 22159K, capacity 22953K, committed 23088K, reserved 1069056K
  class space    used 2312K, capacity 2597K, committed 2688K, reserved 1048576K
}
Event: 279.851 GC heap after
{Heap after GC invocations=4 (full 0):
 garbage-first heap   total 131072K, used 7988K [0x00000000a0800000, 0x0000000100000000)
  region size 1024K, 1 young (1024K), 1 survivors (1024K)
 Metaspace       used 22159K, capacity 22953K, committed 23088K, reserved 1069056K
  class space    used 2312K, capacity 2597K, committed 2688K, reserved 1048576K
}
Event: 339.252 GC heap before
{Heap before GC invocations=4 (full 0):
 garbage-first heap   total 131072K, used 45876K [0x00000000a0800000, 0x0000000100000000)
  region size 1024K, 38 young (38912K), 1 survivors (1024K)
 Metaspace       used 22723K, capacity 23543K, committed 23680K, reserved 1071104K
  class space    used 2325K, capacity 2621K, committed 2688K, reserved 1048576K
}
Event: 339.254 GC heap after
{Heap after GC invocations=5 (full 0):
 garbage-first heap   total 131072K, used 7973K [0x00000000a0800000, 0x0000000100000000)
  region size 1024K, 1 young (1024K), 1 survivors (1024K)
 Metaspace       used 22723K, capacity 23543K, committed 23680K, reserved 1071104K
  class space    used 2325K, capacity 2621K, committed 2688K, reserved 1048576K
}

Deoptimization events (20 events):
Event: 324.778 Thread 0x000001cffc104000 Uncommon trap: trap_request=0xffffff4d fr.pc=0x000001cf87bad730 relative=0x0000000000000450
Event: 324.778 Thread 0x000001cffc104000 Uncommon trap: reason=unstable_if action=reinterpret pc=0x000001cf87bad730 method=java.io.BufferedOutputStream.write([BII)V @ 35 c2
Event: 324.778 Thread 0x000001cffc104000 DEOPT PACKING pc=0x000001cf87bad730 sp=0x0000005cb8afb6b0
Event: 324.778 Thread 0x000001cffc104000 DEOPT UNPACKING pc=0x000001cf8004a1af sp=0x0000005cb8afb5a0 mode 2
Event: 339.289 Thread 0x000001cffb330000 Uncommon trap: trap_request=0xffffff4d fr.pc=0x000001cf87c5d98c relative=0x0000000000000a0c
Event: 339.289 Thread 0x000001cffb330000 Uncommon trap: reason=unstable_if action=reinterpret pc=0x000001cf87c5d98c method=com.mysql.cj.protocol.result.AbstractResultsetRow.decodeAndCreateReturnValue(I[BIILcom/mysql/cj/result/ValueFactory;)Ljava/lang/Object; @ 428 c2
Event: 339.289 Thread 0x000001cffb330000 DEOPT PACKING pc=0x000001cf87c5d98c sp=0x0000005cb70fb160
Event: 339.289 Thread 0x000001cffb330000 DEOPT UNPACKING pc=0x000001cf8004a1af sp=0x0000005cb70fb118 mode 2
Event: 339.289 Thread 0x000001cffb330000 Uncommon trap: trap_request=0xffffffde fr.pc=0x000001cf87c5ad60 relative=0x00000000000003e0
Event: 339.290 Thread 0x000001cffb330000 Uncommon trap: reason=class_check action=maybe_recompile pc=0x000001cf87c5ad60 method=com.mysql.cj.protocol.result.AbstractResultsetRow.getValueFromBytes(I[BIILcom/mysql/cj/result/ValueFactory;)Ljava/lang/Object; @ 10 c2
Event: 339.290 Thread 0x000001cffb330000 DEOPT PACKING pc=0x000001cf87c5ad60 sp=0x0000005cb70fb1d0
Event: 339.290 Thread 0x000001cffb330000 DEOPT UNPACKING pc=0x000001cf8004a1af sp=0x0000005cb70fb178 mode 2
Event: 339.290 Thread 0x000001cffb330000 Uncommon trap: trap_request=0xffffff4d fr.pc=0x000001cf87c29260 relative=0x00000000000001a0
Event: 339.290 Thread 0x000001cffb330000 Uncommon trap: reason=unstable_if action=reinterpret pc=0x000001cf87c29260 method=com.mysql.cj.protocol.a.result.TextBufferRow.findAndSeekToOffset(I)I @ 61 c2
Event: 339.290 Thread 0x000001cffb330000 DEOPT PACKING pc=0x000001cf87c29260 sp=0x0000005cb70fb3a0
Event: 339.290 Thread 0x000001cffb330000 DEOPT UNPACKING pc=0x000001cf8004a1af sp=0x0000005cb70fb328 mode 2
Event: 339.440 Thread 0x000001cffb330000 Uncommon trap: trap_request=0xffffffcc fr.pc=0x000001cf87c67020 relative=0x0000000000002ba0
Event: 339.440 Thread 0x000001cffb330000 Uncommon trap: reason=intrinsic_or_type_checked_inlining action=make_not_entrant pc=0x000001cf87c67020 method=java.util.ArrayList.toArray([Ljava/lang/Object;)[Ljava/lang/Object; @ 36 c2
Event: 339.440 Thread 0x000001cffb330000 DEOPT PACKING pc=0x000001cf87c67020 sp=0x0000005cb70fb160
Event: 339.440 Thread 0x000001cffb330000 DEOPT UNPACKING pc=0x000001cf8004a1af sp=0x0000005cb70fafd0 mode 2

Classes redefined (0 events):
No events

Internal exceptions (20 events):
Event: 0.840 Thread 0x000001cfee6fe000 Exception <a 'java/lang/NoSuchMethodError'{0x00000000a7ef4400}: 'java.lang.Object java.lang.invoke.Invokers$Holder.linkToTargetMethod(java.lang.Object, long, java.lang.Object)'> (0x00000000a7ef4400) thrown at [./src/hotspot/share/interpreter/linkResolver.cpp, line 773]
Event: 0.892 Thread 0x000001cffbf85800 Exception <a 'java/lang/NoSuchMethodError'{0x00000000a7d9abc0}: 'java.lang.Object java.lang.invoke.DelegatingMethodHandle$Holder.reinvoke_L(java.lang.Object, int, java.lang.Object)'> (0x00000000a7d9abc0) thrown at [./src/hotspot/share/interpreter/linkResolver.cpp, line 773]
Event: 0.954 Thread 0x000001cffc104000 Exception <a 'java/lang/NoSuchMethodError'{0x00000000a7c6f200}: <clinit>> (0x00000000a7c6f200) thrown at [./src/hotspot/share/prims/jni.cpp, line 1365]
Event: 1.379 Thread 0x000001cffc104000 Exception <a 'java/lang/NoSuchMethodError'{0x00000000a7ad3fc8}: 'int java.lang.invoke.DirectMethodHandle$Holder.invokeSpecialIFC(java.lang.Object, java.lang.Object, int)'> (0x00000000a7ad3fc8) thrown at [./src/hotspot/share/interpreter/linkResolver.cpp, line 773]
Event: 1.491 Thread 0x000001cffc104000 Exception <a 'java/lang/NoSuchMethodError'{0x00000000a864f4f0}: 'java.lang.Object java.lang.invoke.DirectMethodHandle$Holder.invokeVirtual(java.lang.Object, java.lang.Object, java.lang.Object)'> (0x00000000a864f4f0) thrown at [./src/hotspot/share/interpreter/linkResolver.cpp, line 773]
Event: 1.669 Thread 0x000001cffc104000 Exception <a 'java/lang/NoSuchMethodError'{0x00000000a82b1b28}: 'void java.lang.invoke.DirectMethodHandle$Holder.invokeStaticInit(java.lang.Object, java.lang.Object)'> (0x00000000a82b1b28) thrown at [./src/hotspot/share/interpreter/linkResolver.cpp, line 773]
Event: 1.822 Thread 0x000001cffc104000 Exception <a 'sun/nio/fs/WindowsException'{0x00000000a7e4dcb0}> (0x00000000a7e4dcb0) thrown at [./src/hotspot/share/prims/jni.cpp, line 615]
Event: 1.835 Thread 0x000001cffc104000 Exception <a 'java/lang/NoSuchMethodError'{0x00000000a7e6e708}: 'int java.lang.invoke.DirectMethodHandle$Holder.invokeStaticInit(java.lang.Object, java.lang.Object, java.lang.Object, java.lang.Object)'> (0x00000000a7e6e708) thrown at [./src/hotspot/share/interpreter/linkResolver.cpp, line 773]
Event: 1.836 Thread 0x000001cffc104000 Exception <a 'java/lang/IncompatibleClassChangeError'{0x00000000a7e77938}: Found class java.lang.Object, but interface was expected> (0x00000000a7e77938) thrown at [./src/hotspot/share/interpreter/linkResolver.cpp, line 839]
Event: 1.840 Thread 0x000001cffc104000 Exception <a 'java/lang/NoSuchMethodError'{0x00000000a7e7cfd8}: 'int java.lang.invoke.DirectMethodHandle$Holder.invokeStaticInit(java.lang.Object, java.lang.Object)'> (0x00000000a7e7cfd8) thrown at [./src/hotspot/share/interpreter/linkResolver.cpp, line 773]
Event: 2.379 Thread 0x000001cffc104000 Implicit null exception at 0x000001cf87af5e77 to 0x000001cf87af6334
Event: 2.638 Thread 0x000001cffc104000 Implicit null exception at 0x000001cf87af6ef4 to 0x000001cf87af73cc
Event: 2.874 Thread 0x000001cffc104000 Exception <a 'java/lang/NoSuchMethodError'{0x00000000a85fe788}: <clinit>> (0x00000000a85fe788) thrown at [./src/hotspot/share/prims/jni.cpp, line 1365]
Event: 2.878 Thread 0x000001cffc104000 Exception <a 'java/lang/NoSuchMethodError'{0x00000000a8416980}: <clinit>> (0x00000000a8416980) thrown at [./src/hotspot/share/prims/jni.cpp, line 1365]
Event: 270.820 Thread 0x000001cffc104000 Exception <a 'java/lang/NoSuchMethodError'{0x00000000a7ccf8f0}: <clinit>> (0x00000000a7ccf8f0) thrown at [./src/hotspot/share/prims/jni.cpp, line 1365]
Event: 270.821 Thread 0x000001cffc104000 Exception <a 'java/lang/NoSuchMethodError'{0x00000000a7cdc168}: <clinit>> (0x00000000a7cdc168) thrown at [./src/hotspot/share/prims/jni.cpp, line 1365]
Event: 270.902 Thread 0x000001cffc104000 Exception <a 'java/lang/NoSuchMethodError'{0x00000000a7bf8790}: <clinit>> (0x00000000a7bf8790) thrown at [./src/hotspot/share/prims/jni.cpp, line 1365]
Event: 270.903 Thread 0x000001cffc104000 Exception <a 'java/lang/NoSuchMethodError'{0x00000000a7a03d90}: <clinit>> (0x00000000a7a03d90) thrown at [./src/hotspot/share/prims/jni.cpp, line 1365]
Event: 270.904 Thread 0x000001cffc104000 Exception <a 'java/lang/NoSuchMethodError'{0x00000000a7a0eb98}: <clinit>> (0x00000000a7a0eb98) thrown at [./src/hotspot/share/prims/jni.cpp, line 1365]
Event: 270.938 Thread 0x000001cffc104000 Exception <a 'java/lang/NoSuchMethodError'{0x00000000a7a76570}: <clinit>> (0x00000000a7a76570) thrown at [./src/hotspot/share/prims/jni.cpp, line 1365]

Events (20 events):
Event: 2404.344 Executing VM operation: RevokeBias done
Event: 2404.345 Executing VM operation: RevokeBias
Event: 2404.345 Executing VM operation: RevokeBias done
Event: 2404.345 Thread 0x000001cffb331800 Thread exited: 0x000001cffb331800
Event: 2404.345 Thread 0x000001cffb335000 Thread exited: 0x000001cffb335000
Event: 2404.345 Executing VM operation: RevokeBias
Event: 2404.345 Executing VM operation: RevokeBias done
Event: 2404.345 Thread 0x000001cffb334000 Thread exited: 0x000001cffb334000
Event: 2404.345 Executing VM operation: RevokeBias
Event: 2404.345 Executing VM operation: RevokeBias done
Event: 2404.345 Executing VM operation: RevokeBias
Event: 2404.345 Executing VM operation: RevokeBias done
Event: 2404.345 Executing VM operation: RevokeBias
Event: 2404.345 Executing VM operation: RevokeBias done
Event: 2404.345 Thread 0x000001cffb331000 Thread exited: 0x000001cffb331000
Event: 2404.345 Executing VM operation: RevokeBias
Event: 2404.345 Executing VM operation: RevokeBias done
Event: 2404.345 Executing VM operation: RevokeBias
Event: 2404.345 Executing VM operation: RevokeBias done
Event: 2404.345 Thread 0x000001cffb332800 Thread exited: 0x000001cffb332800


Dynamic libraries:
0x00007ff68f370000 - 0x00007ff68f37a000 	C:\Users\kyro\AppData\Local\JetBrains\apps\IDEA-U\ch-0\212.5457.46\jbr\bin\java.exe
0x00007ff8c81d0000 - 0x00007ff8c83c5000 	C:\Windows\SYSTEM32\ntdll.dll
0x00007ff89e5b0000 - 0x00007ff89e5c6000 	C:\Soft\aswhook.dll
0x00007ff8c7030000 - 0x00007ff8c70ee000 	C:\Windows\System32\KERNEL32.DLL
0x00007ff8c59a0000 - 0x00007ff8c5c68000 	C:\Windows\System32\KERNELBASE.dll
0x00007ff8c5db0000 - 0x00007ff8c5eb0000 	C:\Windows\System32\ucrtbase.dll
0x00007ff8b8e10000 - 0x00007ff8b8e29000 	C:\Users\kyro\AppData\Local\JetBrains\apps\IDEA-U\ch-0\212.5457.46\jbr\bin\jli.dll
0x00007ff8b8880000 - 0x00007ff8b8897000 	C:\Users\kyro\AppData\Local\JetBrains\apps\IDEA-U\ch-0\212.5457.46\jbr\bin\VCRUNTIME140.dll
0x00007ff8c7ae0000 - 0x00007ff8c7c81000 	C:\Windows\System32\USER32.dll
0x00007ff8c5eb0000 - 0x00007ff8c5ed2000 	C:\Windows\System32\win32u.dll
0x00007ff8c6e50000 - 0x00007ff8c6e7b000 	C:\Windows\System32\GDI32.dll
0x00007ff8c5ee0000 - 0x00007ff8c5feb000 	C:\Windows\System32\gdi32full.dll
0x00007ff8c6180000 - 0x00007ff8c621d000 	C:\Windows\System32\msvcp_win.dll
0x00007ff8b0f00000 - 0x00007ff8b119a000 	C:\Windows\WinSxS\amd64_microsoft.windows.common-controls_6595b64144ccf1df_6.0.19041.1110_none_60b5254171f9507e\COMCTL32.dll
0x00007ff8c70f0000 - 0x00007ff8c718e000 	C:\Windows\System32\msvcrt.dll
0x00007ff8c7670000 - 0x00007ff8c76a0000 	C:\Windows\System32\IMM32.DLL
0x00007ff890b40000 - 0x00007ff890bdd000 	C:\Users\kyro\AppData\Local\JetBrains\apps\IDEA-U\ch-0\212.5457.46\jbr\bin\msvcp140.dll
0x00007ff880d10000 - 0x00007ff881868000 	C:\Users\kyro\AppData\Local\JetBrains\apps\IDEA-U\ch-0\212.5457.46\jbr\bin\server\jvm.dll
0x00007ff8c7c90000 - 0x00007ff8c7d3c000 	C:\Windows\System32\ADVAPI32.dll
0x00007ff8c8010000 - 0x00007ff8c80ab000 	C:\Windows\System32\sechost.dll
0x00007ff8c6f00000 - 0x00007ff8c702a000 	C:\Windows\System32\RPCRT4.dll
0x00007ff8c6220000 - 0x00007ff8c6228000 	C:\Windows\System32\PSAPI.DLL
0x00007ff8ba900000 - 0x00007ff8ba909000 	C:\Windows\SYSTEM32\WSOCK32.dll
0x00007ff8bb090000 - 0x00007ff8bb0b7000 	C:\Windows\SYSTEM32\WINMM.dll
0x00007ff8c7830000 - 0x00007ff8c789b000 	C:\Windows\System32\WS2_32.dll
0x00007ff8beca0000 - 0x00007ff8becaa000 	C:\Windows\SYSTEM32\VERSION.dll
0x00007ff8c37d0000 - 0x00007ff8c37e2000 	C:\Windows\SYSTEM32\kernel.appcore.dll
0x00007ff8bf2d0000 - 0x00007ff8bf2e1000 	C:\Users\kyro\AppData\Local\JetBrains\apps\IDEA-U\ch-0\212.5457.46\jbr\bin\verify.dll
0x00007ff8bd930000 - 0x00007ff8bdb14000 	C:\Windows\SYSTEM32\DBGHELP.DLL
0x00007ff8bce80000 - 0x00007ff8bceac000 	C:\Windows\SYSTEM32\dbgcore.DLL
0x00007ff8c5d20000 - 0x00007ff8c5da3000 	C:\Windows\System32\bcryptPrimitives.dll
0x00007ff8bf200000 - 0x00007ff8bf229000 	C:\Users\kyro\AppData\Local\JetBrains\apps\IDEA-U\ch-0\212.5457.46\jbr\bin\java.dll
0x00007ff8c1590000 - 0x00007ff8c159b000 	C:\Users\kyro\AppData\Local\JetBrains\apps\IDEA-U\ch-0\212.5457.46\jbr\bin\jimage.dll
0x00007ff8bf2b0000 - 0x00007ff8bf2c8000 	C:\Users\kyro\AppData\Local\JetBrains\apps\IDEA-U\ch-0\212.5457.46\jbr\bin\zip.dll
0x00007ff8c6290000 - 0x00007ff8c69cf000 	C:\Windows\System32\SHELL32.dll
0x00007ff8c39d0000 - 0x00007ff8c4160000 	C:\Windows\SYSTEM32\windows.storage.dll
0x00007ff8c7260000 - 0x00007ff8c75b5000 	C:\Windows\System32\combase.dll
0x00007ff8c5260000 - 0x00007ff8c528e000 	C:\Windows\SYSTEM32\Wldp.dll
0x00007ff8c78d0000 - 0x00007ff8c797d000 	C:\Windows\System32\SHCORE.dll
0x00007ff8c77d0000 - 0x00007ff8c7825000 	C:\Windows\System32\shlwapi.dll
0x00007ff8c5830000 - 0x00007ff8c584f000 	C:\Windows\SYSTEM32\profapi.dll
0x00007ff8bf1e0000 - 0x00007ff8bf1fa000 	C:\Users\kyro\AppData\Local\JetBrains\apps\IDEA-U\ch-0\212.5457.46\jbr\bin\net.dll
0x00007ff8b86a0000 - 0x00007ff8b87ac000 	C:\Windows\SYSTEM32\WINHTTP.dll
0x00007ff8c5040000 - 0x00007ff8c50aa000 	C:\Windows\system32\mswsock.dll
0x00007ff8b8f80000 - 0x00007ff8b8f94000 	C:\Users\kyro\AppData\Local\JetBrains\apps\IDEA-U\ch-0\212.5457.46\jbr\bin\nio.dll
0x00007ff8c52a0000 - 0x00007ff8c52b8000 	C:\Windows\SYSTEM32\CRYPTSP.dll
0x00007ff8c4970000 - 0x00007ff8c49a4000 	C:\Windows\system32\rsaenh.dll
0x00007ff8c6150000 - 0x00007ff8c6177000 	C:\Windows\System32\bcrypt.dll
0x00007ff8c57f0000 - 0x00007ff8c581e000 	C:\Windows\SYSTEM32\USERENV.dll
0x00007ff8c51d0000 - 0x00007ff8c51dc000 	C:\Windows\SYSTEM32\CRYPTBASE.dll
0x00007ff8c4d00000 - 0x00007ff8c4d3b000 	C:\Windows\SYSTEM32\IPHLPAPI.DLL
0x00007ff8c7ad0000 - 0x00007ff8c7ad8000 	C:\Windows\System32\NSI.dll
0x00007ff8bf340000 - 0x00007ff8bf357000 	C:\Windows\SYSTEM32\dhcpcsvc6.DLL
0x00007ff8bf320000 - 0x00007ff8bf33d000 	C:\Windows\SYSTEM32\dhcpcsvc.DLL
0x00007ff8c4d40000 - 0x00007ff8c4e0b000 	C:\Windows\SYSTEM32\DNSAPI.dll
0x00007ff8bf370000 - 0x00007ff8bf378000 	C:\Users\kyro\AppData\Local\JetBrains\apps\IDEA-U\ch-0\212.5457.46\jbr\bin\rmi.dll
0x00007ff8be280000 - 0x00007ff8be28a000 	C:\Windows\System32\rasadhlp.dll
0x00007ff8b6b10000 - 0x00007ff8b6b8f000 	C:\Windows\System32\fwpuclnt.dll
0x00007ff8b8e60000 - 0x00007ff8b8e88000 	C:\Users\kyro\AppData\Local\JetBrains\apps\IDEA-U\ch-0\212.5457.46\jbr\bin\sunec.dll

dbghelp: loaded successfully - version: 4.0.5 - missing functions: none
symbol engine: initialized successfully - sym options: 0x614 - pdb path: .;C:\Users\kyro\AppData\Local\JetBrains\apps\IDEA-U\ch-0\212.5457.46\jbr\bin;C:\Windows\SYSTEM32;C:\Soft;C:\Windows\WinSxS\amd64_microsoft.windows.common-controls_6595b64144ccf1df_6.0.19041.1110_none_60b5254171f9507e;C:\Users\kyro\AppData\Local\JetBrains\apps\IDEA-U\ch-0\212.5457.46\jbr\bin\server

VM Arguments:
jvm_args: -Djava.rmi.server.hostname=127.0.0.1 -Duser.timezone=UTC -Xmx1527m -Xms128m -Dfile.encoding=UTF-8 
java_command: com.intellij.database.remote.RemoteJdbcServer com.mysql.cj.jdbc.Driver
java_class_path (initial): C:\Users\kyro\AppData\Local\JetBrains\apps\IDEA-U\ch-0\212.5457.46\lib\util.jar;C:\Users\kyro\AppData\Local\JetBrains\apps\IDEA-U\ch-0\212.5457.46\lib\groovy-2.5.14.jar;C:\Users\kyro\AppData\Local\JetBrains\apps\IDEA-U\ch-0\212.5457.46\plugins\DatabaseTools\lib\jdbc-console.jar;C:\Users\kyro\AppData\Roaming\JetBrains\IntelliJIdea2021.2\jdbc-drivers\MySQL ConnectorJ\8.0.25\mysql-connector-java-8.0.25.jar
Launcher Type: SUN_STANDARD

[Global flags]
     intx CICompilerCount                          = 3                                         {product} {ergonomic}
     uint ConcGCThreads                            = 1                                         {product} {ergonomic}
     uint G1ConcRefinementThreads                  = 4                                         {product} {ergonomic}
   size_t G1HeapRegionSize                         = 1048576                                   {product} {ergonomic}
    uintx GCDrainStackTargetSize                   = 64                                        {product} {ergonomic}
   size_t InitialHeapSize                          = 134217728                                 {product} {command line}
   size_t MarkStackSize                            = 4194304                                   {product} {ergonomic}
   size_t MaxHeapSize                              = 1602224128                                {product} {command line, ergonomic}
   size_t MaxNewSize                               = 960495616                                 {product} {ergonomic}
   size_t MinHeapDeltaBytes                        = 1048576                                   {product} {ergonomic}
    uintx NonNMethodCodeHeapSize                   = 5830732                                {pd product} {ergonomic}
    uintx NonProfiledCodeHeapSize                  = 122913754                              {pd product} {ergonomic}
    uintx ProfiledCodeHeapSize                     = 122913754                              {pd product} {ergonomic}
    uintx ReservedCodeCacheSize                    = 251658240                              {pd product} {ergonomic}
     bool SegmentedCodeCache                       = true                                      {product} {ergonomic}
     bool UseCompressedClassPointers               = true                                 {lp64_product} {ergonomic}
     bool UseCompressedOops                        = true                                 {lp64_product} {ergonomic}
     bool UseG1GC                                  = true                                      {product} {ergonomic}
     bool UseLargePagesIndividualAllocation        = false                                  {pd product} {ergonomic}

Logging:
Log output configuration:
 #0: stdout all=warning uptime,level,tags
 #1: stderr all=off uptime,level,tags

Environment Variables:
JAVA_HOME=C:\Program Files\Java\jdk-15
PATH=D:\Soft\dbhomeXE\bin;D:\Soft\OracleSQLDeveloper\dbhomeXE\bin;C:\Program Files\Common Files\Oracle\Java\javapath;C:\Windows\system32;C:\Windows;C:\Windows\System32\Wbem;C:\Windows\System32\WindowsPowerShell\v1.0\;C:\Windows\System32\OpenSSH\;C:\Program Files\NVIDIA Corporation\NVIDIA NvDLISR;C:\Program Files (x86)\NVIDIA Corporation\PhysX\Common;C:\Program Files\Git\cmd;C:\Program Files\dotnet\;C:\Program Files\Microsoft SQL Server\130\Tools\Binn\;C:\Program Files\Microsoft SQL Server\Client SDK\ODBC\170\Tools\Binn\;C:\Program Files\apache-maven-3.8.2\bin;C:\Program Files\MySQL\MySQL Shell 8.0\bin\;C:\Users\kyro\AppData\Local\Microsoft\WindowsApps;D:\Soft\Keyboard Maniac;C:\Users\kyro\.dotnet\tools;D:\Soft\Fiddler
USERNAME=kyro
OS=Windows_NT
PROCESSOR_IDENTIFIER=Intel64 Family 6 Model 42 Stepping 7, GenuineIntel



---------------  S Y S T E M  ---------------

OS: Windows 10 , 64 bit Build 19041 (10.0.19041.1348)
OS uptime: 5 days 3:26 hours
Hyper-V role detected

CPU:total 4 (initial active 4) (4 cores per cpu, 1 threads per core) family 6 model 42 stepping 7 microcode 0x2f, cmov, cx8, fxsr, mmx, sse, sse2, sse3, ssse3, sse4.1, sse4.2, popcnt, avx, aes, clmul, tsc, tscinvbit

Memory: 4k page, system-wide physical 12216M (2552M free)
TotalPageFile size 12216M (AvailPageFile size 5M)
current process WorkingSet (physical memory assigned to process): 99M, peak: 168M
current process commit charge ("private bytes"): 233M, peak: 286M

vm_info: OpenJDK 64-Bit Server VM (11.0.12+7-b1504.40) for windows-amd64 JRE (11.0.12+7-b1504.40), built on Sep 23 2021 14:38:03 by "" with MS VC++ 14.0 (VS2015)

END.
