#
# There is insufficient memory for the Java Runtime Environment to continue.
# Native memory allocation (malloc) failed to allocate 1751856 bytes for Chunk::new
# Possible reasons:
#   The system is out of physical RAM or swap space
#   The process is running with CompressedOops enabled, and the Java Heap may be blocking the growth of the native heap
# Possible solutions:
#   Reduce memory load on the system
#   Increase physical memory or swap space
#   Check if swap backing store is full
#   Decrease Java heap size (-Xmx/-Xms)
#   Decrease number of Java threads
#   Decrease Java thread stack sizes (-Xss)
#   Set larger code cache with -XX:ReservedCodeCacheSize=
#   JVM is running with Zero Based Compressed Oops mode in which the Java heap is
#     placed in the first 32GB address space. The Java Heap base address is the
#     maximum limit for the native heap growth. Please use -XX:HeapBaseMinAddress
#     to set the Java Heap base and to place the Java Heap above 32GB virtual address.
# This output file may be truncated or incomplete.
#
#  Out of Memory Error (./src/hotspot/share/memory/arena.cpp:197), pid=7992, tid=1088
#
# JRE version: OpenJDK Runtime Environment Corretto-11.0.13.8.1 (11.0.13+8) (build 11.0.13+8-LTS)
# Java VM: OpenJDK 64-Bit Server VM Corretto-11.0.13.8.1 (11.0.13+8-LTS, mixed mode, tiered, compressed oops, g1 gc, windows-amd64)
# No core dump will be written. Minidumps are not enabled by default on client versions of Windows
#

---------------  S U M M A R Y ------------

Command Line: -javaagent:C:\Users\kyro\AppData\Local\JetBrains\apps\IDEA-U\ch-0\212.5457.46\lib\idea_rt.jar=59632:C:\Users\kyro\AppData\Local\JetBrains\apps\IDEA-U\ch-0\212.5457.46\bin -Dfile.encoding=UTF-8 hibernate_one_to_many_bi.Test1

Host: Intel(R) Xeon(R) CPU E31220 @ 3.10GHz, 4 cores, 11G,  Windows 10 , 64 bit Build 19041 (10.0.19041.1348)
Time: Tue Nov 23 00:57:27 2021 RTZ 3 (зима) elapsed time: 2.546713 seconds (0d 0h 0m 2s)

---------------  T H R E A D  ---------------

Current thread (0x0000014b3014d000):  JavaThread "C2 CompilerThread1" daemon [_thread_in_native, id=1088, stack(0x00000007a6300000,0x00000007a6400000)]


Current CompileTask:
C2:   2549 1817   !   4       jdk.internal.loader.BuiltinClassLoader::loadClassOrNull (143 bytes)

Stack: [0x00000007a6300000,0x00000007a6400000]
Native frames: (J=compiled Java code, j=interpreted, Vv=VM code, C=native code)
V  [jvm.dll+0x61ccaa]
V  [jvm.dll+0x7a9839]
V  [jvm.dll+0x7aaeff]
V  [jvm.dll+0x7ab5d3]
V  [jvm.dll+0x24f5d8]
V  [jvm.dll+0xc260c]
V  [jvm.dll+0xc2bcc]
V  [jvm.dll+0x358187]
V  [jvm.dll+0x19e3c9]
V  [jvm.dll+0x208ac2]
V  [jvm.dll+0x207b9d]
V  [jvm.dll+0x18a021]
V  [jvm.dll+0x217369]
V  [jvm.dll+0x21555b]
V  [jvm.dll+0x76c2f0]
V  [jvm.dll+0x765274]
V  [jvm.dll+0x61bb46]
C  [ucrtbase.dll+0x21bb2]
C  [KERNEL32.DLL+0x17034]
C  [ntdll.dll+0x52651]


---------------  P R O C E S S  ---------------

Threads class SMR info:
_java_thread_list=0x0000014b2f8bb9d0, length=14, elements={
0x0000014b0d113800, 0x0000014b2ddd4000, 0x0000014b2e600800, 0x0000014b2e65c000,
0x0000014b2e65d000, 0x0000014b2e65f000, 0x0000014b2ddd8800, 0x0000014b2ddda000,
0x0000014b2e6d7800, 0x0000014b2dd89000, 0x0000014b2ecc6800, 0x0000014b2f5f2000,
0x0000014b3014d000, 0x0000014b2f58f800
}

Java Threads: ( => current thread )
  0x0000014b0d113800 JavaThread "main" [_thread_in_Java, id=4704, stack(0x00000007a4d00000,0x00000007a4e00000)]
  0x0000014b2ddd4000 JavaThread "Reference Handler" daemon [_thread_blocked, id=14676, stack(0x00000007a5400000,0x00000007a5500000)]
  0x0000014b2e600800 JavaThread "Finalizer" daemon [_thread_blocked, id=7500, stack(0x00000007a5500000,0x00000007a5600000)]
  0x0000014b2e65c000 JavaThread "Signal Dispatcher" daemon [_thread_blocked, id=4592, stack(0x00000007a5600000,0x00000007a5700000)]
  0x0000014b2e65d000 JavaThread "Attach Listener" daemon [_thread_blocked, id=10320, stack(0x00000007a5700000,0x00000007a5800000)]
  0x0000014b2e65f000 JavaThread "Service Thread" daemon [_thread_blocked, id=11048, stack(0x00000007a5800000,0x00000007a5900000)]
  0x0000014b2ddd8800 JavaThread "C2 CompilerThread0" daemon [_thread_blocked, id=4876, stack(0x00000007a5900000,0x00000007a5a00000)]
  0x0000014b2ddda000 JavaThread "C1 CompilerThread0" daemon [_thread_blocked, id=2448, stack(0x00000007a5a00000,0x00000007a5b00000)]
  0x0000014b2e6d7800 JavaThread "Sweeper thread" daemon [_thread_blocked, id=12928, stack(0x00000007a5b00000,0x00000007a5c00000)]
  0x0000014b2dd89000 JavaThread "Common-Cleaner" daemon [_thread_blocked, id=14796, stack(0x00000007a5c00000,0x00000007a5d00000)]
  0x0000014b2ecc6800 JavaThread "Monitor Ctrl-Break" daemon [_thread_in_native, id=5304, stack(0x00000007a5e00000,0x00000007a5f00000)]
  0x0000014b2f5f2000 JavaThread "mysql-cj-abandoned-connection-cleanup" daemon [_thread_blocked, id=5516, stack(0x00000007a5d00000,0x00000007a5e00000)]
=>0x0000014b3014d000 JavaThread "C2 CompilerThread1" daemon [_thread_in_native, id=1088, stack(0x00000007a6300000,0x00000007a6400000)]
  0x0000014b2f58f800 JavaThread "Hibernate Connection Pool Validation Thread" daemon [_thread_blocked, id=988, stack(0x00000007a6400000,0x00000007a6500000)]

Other Threads:
  0x0000014b2ddd0000 VMThread "VM Thread" [stack: 0x00000007a5300000,0x00000007a5400000] [id=6528]
  0x0000014b2eceb800 WatcherThread [stack: 0x00000007a5f00000,0x00000007a6000000] [id=10328]
  0x0000014b0d12c800 GCTaskThread "GC Thread#0" [stack: 0x00000007a4e00000,0x00000007a4f00000] [id=9992]
  0x0000014b2ed14000 GCTaskThread "GC Thread#1" [stack: 0x00000007a6000000,0x00000007a6100000] [id=13788]
  0x0000014b2ed14800 GCTaskThread "GC Thread#2" [stack: 0x00000007a6100000,0x00000007a6200000] [id=2548]
  0x0000014b2ed15800 GCTaskThread "GC Thread#3" [stack: 0x00000007a6200000,0x00000007a6300000] [id=14244]
  0x0000014b0d171800 ConcurrentGCThread "G1 Main Marker" [stack: 0x00000007a4f00000,0x00000007a5000000] [id=5724]
  0x0000014b0d174800 ConcurrentGCThread "G1 Conc#0" [stack: 0x00000007a5000000,0x00000007a5100000] [id=132]
  0x0000014b2dc32800 ConcurrentGCThread "G1 Refine#0" [stack: 0x00000007a5100000,0x00000007a5200000] [id=13856]
  0x0000014b2dc33000 ConcurrentGCThread "G1 Young RemSet Sampling" [stack: 0x00000007a5200000,0x00000007a5300000] [id=7820]

Threads with active compile tasks:
C1 CompilerThread0   2630 1998   !   3       net.bytebuddy.description.annotation.AnnotationDescription$ForLoadedAnnotation::getValue (385 bytes)
C2 CompilerThread1   2631 1817   !   4       jdk.internal.loader.BuiltinClassLoader::loadClassOrNull (143 bytes)

VM state:not at safepoint (normal execution)

VM Mutex/Monitor currently owned by a thread: None

Heap address: 0x0000000500a00000, size: 3056 MB, Compressed Oops mode: Zero based, Oop shift amount: 3
Narrow klass base: 0x0000000000000000, Narrow klass shift: 3
Compressed class space size: 1073741824 Address: 0x00000005bfa00000

Heap:
 garbage-first heap   total 196608K, used 53208K [0x0000000500a00000, 0x00000005bfa00000)
  region size 1024K, 50 young (51200K), 5 survivors (5120K)
 Metaspace       used 32542K, capacity 32913K, committed 33152K, reserved 1079296K
  class space    used 3996K, capacity 4147K, committed 4224K, reserved 1048576K
Heap Regions: E=young(eden), S=young(survivor), O=old, HS=humongous(starts), HC=humongous(continues), CS=collection set, F=free, A=archive, TAMS=top-at-mark-start (previous, next)
|   0|0x0000000500a00000, 0x0000000500b00000, 0x0000000500b00000|100%|HS|  |TAMS 0x0000000500b00000, 0x0000000500a00000| Complete 
|   1|0x0000000500b00000, 0x0000000500c00000, 0x0000000500c00000|100%|HS|  |TAMS 0x0000000500c00000, 0x0000000500b00000| Complete 
|   2|0x0000000500c00000, 0x0000000500d00000, 0x0000000500d00000|100%| O|  |TAMS 0x0000000500d00000, 0x0000000500c00000| Untracked 
|   3|0x0000000500d00000, 0x0000000500d1de00, 0x0000000500e00000| 11%| O|  |TAMS 0x0000000500d1de00, 0x0000000500d00000| Untracked 
|   4|0x0000000500e00000, 0x0000000500e00000, 0x0000000500f00000|  0%| F|  |TAMS 0x0000000500e00000, 0x0000000500e00000| Untracked 
|   5|0x0000000500f00000, 0x0000000500f00000, 0x0000000501000000|  0%| F|  |TAMS 0x0000000500f00000, 0x0000000500f00000| Untracked 
|   6|0x0000000501000000, 0x0000000501000000, 0x0000000501100000|  0%| F|  |TAMS 0x0000000501000000, 0x0000000501000000| Untracked 
|   7|0x0000000501100000, 0x0000000501100000, 0x0000000501200000|  0%| F|  |TAMS 0x0000000501100000, 0x0000000501100000| Untracked 
|   8|0x0000000501200000, 0x0000000501200000, 0x0000000501300000|  0%| F|  |TAMS 0x0000000501200000, 0x0000000501200000| Untracked 
|   9|0x0000000501300000, 0x0000000501300000, 0x0000000501400000|  0%| F|  |TAMS 0x0000000501300000, 0x0000000501300000| Untracked 
|  10|0x0000000501400000, 0x0000000501400000, 0x0000000501500000|  0%| F|  |TAMS 0x0000000501400000, 0x0000000501400000| Untracked 
|  11|0x0000000501500000, 0x0000000501500000, 0x0000000501600000|  0%| F|  |TAMS 0x0000000501500000, 0x0000000501500000| Untracked 
|  12|0x0000000501600000, 0x0000000501600000, 0x0000000501700000|  0%| F|  |TAMS 0x0000000501600000, 0x0000000501600000| Untracked 
|  13|0x0000000501700000, 0x0000000501700000, 0x0000000501800000|  0%| F|  |TAMS 0x0000000501700000, 0x0000000501700000| Untracked 
|  14|0x0000000501800000, 0x0000000501800000, 0x0000000501900000|  0%| F|  |TAMS 0x0000000501800000, 0x0000000501800000| Untracked 
|  15|0x0000000501900000, 0x0000000501900000, 0x0000000501a00000|  0%| F|  |TAMS 0x0000000501900000, 0x0000000501900000| Untracked 
|  16|0x0000000501a00000, 0x0000000501a00000, 0x0000000501b00000|  0%| F|  |TAMS 0x0000000501a00000, 0x0000000501a00000| Untracked 
|  17|0x0000000501b00000, 0x0000000501b00000, 0x0000000501c00000|  0%| F|  |TAMS 0x0000000501b00000, 0x0000000501b00000| Untracked 
|  18|0x0000000501c00000, 0x0000000501c00000, 0x0000000501d00000|  0%| F|  |TAMS 0x0000000501c00000, 0x0000000501c00000| Untracked 
|  19|0x0000000501d00000, 0x0000000501d00000, 0x0000000501e00000|  0%| F|  |TAMS 0x0000000501d00000, 0x0000000501d00000| Untracked 
|  20|0x0000000501e00000, 0x0000000501e00000, 0x0000000501f00000|  0%| F|  |TAMS 0x0000000501e00000, 0x0000000501e00000| Untracked 
|  21|0x0000000501f00000, 0x0000000501f00000, 0x0000000502000000|  0%| F|  |TAMS 0x0000000501f00000, 0x0000000501f00000| Untracked 
|  22|0x0000000502000000, 0x0000000502000000, 0x0000000502100000|  0%| F|  |TAMS 0x0000000502000000, 0x0000000502000000| Untracked 
|  23|0x0000000502100000, 0x0000000502100000, 0x0000000502200000|  0%| F|  |TAMS 0x0000000502100000, 0x0000000502100000| Untracked 
|  24|0x0000000502200000, 0x0000000502200000, 0x0000000502300000|  0%| F|  |TAMS 0x0000000502200000, 0x0000000502200000| Untracked 
|  25|0x0000000502300000, 0x0000000502300000, 0x0000000502400000|  0%| F|  |TAMS 0x0000000502300000, 0x0000000502300000| Untracked 
|  26|0x0000000502400000, 0x0000000502400000, 0x0000000502500000|  0%| F|  |TAMS 0x0000000502400000, 0x0000000502400000| Untracked 
|  27|0x0000000502500000, 0x0000000502500000, 0x0000000502600000|  0%| F|  |TAMS 0x0000000502500000, 0x0000000502500000| Untracked 
|  28|0x0000000502600000, 0x0000000502600000, 0x0000000502700000|  0%| F|  |TAMS 0x0000000502600000, 0x0000000502600000| Untracked 
|  29|0x0000000502700000, 0x0000000502700000, 0x0000000502800000|  0%| F|  |TAMS 0x0000000502700000, 0x0000000502700000| Untracked 
|  30|0x0000000502800000, 0x0000000502800000, 0x0000000502900000|  0%| F|  |TAMS 0x0000000502800000, 0x0000000502800000| Untracked 
|  31|0x0000000502900000, 0x0000000502900000, 0x0000000502a00000|  0%| F|  |TAMS 0x0000000502900000, 0x0000000502900000| Untracked 
|  32|0x0000000502a00000, 0x0000000502a00000, 0x0000000502b00000|  0%| F|  |TAMS 0x0000000502a00000, 0x0000000502a00000| Untracked 
|  33|0x0000000502b00000, 0x0000000502b00000, 0x0000000502c00000|  0%| F|  |TAMS 0x0000000502b00000, 0x0000000502b00000| Untracked 
|  34|0x0000000502c00000, 0x0000000502c00000, 0x0000000502d00000|  0%| F|  |TAMS 0x0000000502c00000, 0x0000000502c00000| Untracked 
|  35|0x0000000502d00000, 0x0000000502d00000, 0x0000000502e00000|  0%| F|  |TAMS 0x0000000502d00000, 0x0000000502d00000| Untracked 
|  36|0x0000000502e00000, 0x0000000502e00000, 0x0000000502f00000|  0%| F|  |TAMS 0x0000000502e00000, 0x0000000502e00000| Untracked 
|  37|0x0000000502f00000, 0x0000000502f00000, 0x0000000503000000|  0%| F|  |TAMS 0x0000000502f00000, 0x0000000502f00000| Untracked 
|  38|0x0000000503000000, 0x0000000503000000, 0x0000000503100000|  0%| F|  |TAMS 0x0000000503000000, 0x0000000503000000| Untracked 
|  39|0x0000000503100000, 0x0000000503100000, 0x0000000503200000|  0%| F|  |TAMS 0x0000000503100000, 0x0000000503100000| Untracked 
|  40|0x0000000503200000, 0x0000000503200000, 0x0000000503300000|  0%| F|  |TAMS 0x0000000503200000, 0x0000000503200000| Untracked 
|  41|0x0000000503300000, 0x0000000503300000, 0x0000000503400000|  0%| F|  |TAMS 0x0000000503300000, 0x0000000503300000| Untracked 
|  42|0x0000000503400000, 0x0000000503400000, 0x0000000503500000|  0%| F|  |TAMS 0x0000000503400000, 0x0000000503400000| Untracked 
|  43|0x0000000503500000, 0x0000000503500000, 0x0000000503600000|  0%| F|  |TAMS 0x0000000503500000, 0x0000000503500000| Untracked 
|  44|0x0000000503600000, 0x0000000503600000, 0x0000000503700000|  0%| F|  |TAMS 0x0000000503600000, 0x0000000503600000| Untracked 
|  45|0x0000000503700000, 0x0000000503700000, 0x0000000503800000|  0%| F|  |TAMS 0x0000000503700000, 0x0000000503700000| Untracked 
|  46|0x0000000503800000, 0x0000000503800000, 0x0000000503900000|  0%| F|  |TAMS 0x0000000503800000, 0x0000000503800000| Untracked 
|  47|0x0000000503900000, 0x0000000503900000, 0x0000000503a00000|  0%| F|  |TAMS 0x0000000503900000, 0x0000000503900000| Untracked 
|  48|0x0000000503a00000, 0x0000000503a00000, 0x0000000503b00000|  0%| F|  |TAMS 0x0000000503a00000, 0x0000000503a00000| Untracked 
|  49|0x0000000503b00000, 0x0000000503b00000, 0x0000000503c00000|  0%| F|  |TAMS 0x0000000503b00000, 0x0000000503b00000| Untracked 
|  50|0x0000000503c00000, 0x0000000503c00000, 0x0000000503d00000|  0%| F|  |TAMS 0x0000000503c00000, 0x0000000503c00000| Untracked 
|  51|0x0000000503d00000, 0x0000000503d00000, 0x0000000503e00000|  0%| F|  |TAMS 0x0000000503d00000, 0x0000000503d00000| Untracked 
|  52|0x0000000503e00000, 0x0000000503e00000, 0x0000000503f00000|  0%| F|  |TAMS 0x0000000503e00000, 0x0000000503e00000| Untracked 
|  53|0x0000000503f00000, 0x0000000503f00000, 0x0000000504000000|  0%| F|  |TAMS 0x0000000503f00000, 0x0000000503f00000| Untracked 
|  54|0x0000000504000000, 0x0000000504000000, 0x0000000504100000|  0%| F|  |TAMS 0x0000000504000000, 0x0000000504000000| Untracked 
|  55|0x0000000504100000, 0x0000000504100000, 0x0000000504200000|  0%| F|  |TAMS 0x0000000504100000, 0x0000000504100000| Untracked 
|  56|0x0000000504200000, 0x0000000504200000, 0x0000000504300000|  0%| F|  |TAMS 0x0000000504200000, 0x0000000504200000| Untracked 
|  57|0x0000000504300000, 0x0000000504300000, 0x0000000504400000|  0%| F|  |TAMS 0x0000000504300000, 0x0000000504300000| Untracked 
|  58|0x0000000504400000, 0x0000000504400000, 0x0000000504500000|  0%| F|  |TAMS 0x0000000504400000, 0x0000000504400000| Untracked 
|  59|0x0000000504500000, 0x0000000504500000, 0x0000000504600000|  0%| F|  |TAMS 0x0000000504500000, 0x0000000504500000| Untracked 
|  60|0x0000000504600000, 0x0000000504600000, 0x0000000504700000|  0%| F|  |TAMS 0x0000000504600000, 0x0000000504600000| Untracked 
|  61|0x0000000504700000, 0x0000000504700000, 0x0000000504800000|  0%| F|  |TAMS 0x0000000504700000, 0x0000000504700000| Untracked 
|  62|0x0000000504800000, 0x0000000504800000, 0x0000000504900000|  0%| F|  |TAMS 0x0000000504800000, 0x0000000504800000| Untracked 
|  63|0x0000000504900000, 0x0000000504900000, 0x0000000504a00000|  0%| F|  |TAMS 0x0000000504900000, 0x0000000504900000| Untracked 
|  64|0x0000000504a00000, 0x0000000504a00000, 0x0000000504b00000|  0%| F|  |TAMS 0x0000000504a00000, 0x0000000504a00000| Untracked 
|  65|0x0000000504b00000, 0x0000000504b00000, 0x0000000504c00000|  0%| F|  |TAMS 0x0000000504b00000, 0x0000000504b00000| Untracked 
|  66|0x0000000504c00000, 0x0000000504c00000, 0x0000000504d00000|  0%| F|  |TAMS 0x0000000504c00000, 0x0000000504c00000| Untracked 
|  67|0x0000000504d00000, 0x0000000504d00000, 0x0000000504e00000|  0%| F|  |TAMS 0x0000000504d00000, 0x0000000504d00000| Untracked 
|  68|0x0000000504e00000, 0x0000000504e00000, 0x0000000504f00000|  0%| F|  |TAMS 0x0000000504e00000, 0x0000000504e00000| Untracked 
|  69|0x0000000504f00000, 0x0000000504f00000, 0x0000000505000000|  0%| F|  |TAMS 0x0000000504f00000, 0x0000000504f00000| Untracked 
|  70|0x0000000505000000, 0x0000000505000000, 0x0000000505100000|  0%| F|  |TAMS 0x0000000505000000, 0x0000000505000000| Untracked 
|  71|0x0000000505100000, 0x0000000505100000, 0x0000000505200000|  0%| F|  |TAMS 0x0000000505100000, 0x0000000505100000| Untracked 
|  72|0x0000000505200000, 0x0000000505200000, 0x0000000505300000|  0%| F|  |TAMS 0x0000000505200000, 0x0000000505200000| Untracked 
|  73|0x0000000505300000, 0x0000000505300000, 0x0000000505400000|  0%| F|  |TAMS 0x0000000505300000, 0x0000000505300000| Untracked 
|  74|0x0000000505400000, 0x0000000505400000, 0x0000000505500000|  0%| F|  |TAMS 0x0000000505400000, 0x0000000505400000| Untracked 
|  75|0x0000000505500000, 0x0000000505500000, 0x0000000505600000|  0%| F|  |TAMS 0x0000000505500000, 0x0000000505500000| Untracked 
|  76|0x0000000505600000, 0x0000000505600000, 0x0000000505700000|  0%| F|  |TAMS 0x0000000505600000, 0x0000000505600000| Untracked 
|  77|0x0000000505700000, 0x0000000505700000, 0x0000000505800000|  0%| F|  |TAMS 0x0000000505700000, 0x0000000505700000| Untracked 
|  78|0x0000000505800000, 0x0000000505800000, 0x0000000505900000|  0%| F|  |TAMS 0x0000000505800000, 0x0000000505800000| Untracked 
|  79|0x0000000505900000, 0x0000000505900000, 0x0000000505a00000|  0%| F|  |TAMS 0x0000000505900000, 0x0000000505900000| Untracked 
|  80|0x0000000505a00000, 0x0000000505a00000, 0x0000000505b00000|  0%| F|  |TAMS 0x0000000505a00000, 0x0000000505a00000| Untracked 
|  81|0x0000000505b00000, 0x0000000505b00000, 0x0000000505c00000|  0%| F|  |TAMS 0x0000000505b00000, 0x0000000505b00000| Untracked 
|  82|0x0000000505c00000, 0x0000000505c00000, 0x0000000505d00000|  0%| F|  |TAMS 0x0000000505c00000, 0x0000000505c00000| Untracked 
|  83|0x0000000505d00000, 0x0000000505d00000, 0x0000000505e00000|  0%| F|  |TAMS 0x0000000505d00000, 0x0000000505d00000| Untracked 
|  84|0x0000000505e00000, 0x0000000505e00000, 0x0000000505f00000|  0%| F|  |TAMS 0x0000000505e00000, 0x0000000505e00000| Untracked 
|  85|0x0000000505f00000, 0x0000000505f00000, 0x0000000506000000|  0%| F|  |TAMS 0x0000000505f00000, 0x0000000505f00000| Untracked 
|  86|0x0000000506000000, 0x0000000506000000, 0x0000000506100000|  0%| F|  |TAMS 0x0000000506000000, 0x0000000506000000| Untracked 
|  87|0x0000000506100000, 0x0000000506100000, 0x0000000506200000|  0%| F|  |TAMS 0x0000000506100000, 0x0000000506100000| Untracked 
|  88|0x0000000506200000, 0x0000000506200000, 0x0000000506300000|  0%| F|  |TAMS 0x0000000506200000, 0x0000000506200000| Untracked 
|  89|0x0000000506300000, 0x0000000506300000, 0x0000000506400000|  0%| F|  |TAMS 0x0000000506300000, 0x0000000506300000| Untracked 
|  90|0x0000000506400000, 0x0000000506400000, 0x0000000506500000|  0%| F|  |TAMS 0x0000000506400000, 0x0000000506400000| Untracked 
|  91|0x0000000506500000, 0x0000000506500000, 0x0000000506600000|  0%| F|  |TAMS 0x0000000506500000, 0x0000000506500000| Untracked 
|  92|0x0000000506600000, 0x0000000506600000, 0x0000000506700000|  0%| F|  |TAMS 0x0000000506600000, 0x0000000506600000| Untracked 
|  93|0x0000000506700000, 0x0000000506700000, 0x0000000506800000|  0%| F|  |TAMS 0x0000000506700000, 0x0000000506700000| Untracked 
|  94|0x0000000506800000, 0x0000000506800000, 0x0000000506900000|  0%| F|  |TAMS 0x0000000506800000, 0x0000000506800000| Untracked 
|  95|0x0000000506900000, 0x0000000506900000, 0x0000000506a00000|  0%| F|  |TAMS 0x0000000506900000, 0x0000000506900000| Untracked 
|  96|0x0000000506a00000, 0x0000000506a00000, 0x0000000506b00000|  0%| F|  |TAMS 0x0000000506a00000, 0x0000000506a00000| Untracked 
|  97|0x0000000506b00000, 0x0000000506b00000, 0x0000000506c00000|  0%| F|  |TAMS 0x0000000506b00000, 0x0000000506b00000| Untracked 
|  98|0x0000000506c00000, 0x0000000506c00000, 0x0000000506d00000|  0%| F|  |TAMS 0x0000000506c00000, 0x0000000506c00000| Untracked 
|  99|0x0000000506d00000, 0x0000000506d00000, 0x0000000506e00000|  0%| F|  |TAMS 0x0000000506d00000, 0x0000000506d00000| Untracked 
| 100|0x0000000506e00000, 0x0000000506e00000, 0x0000000506f00000|  0%| F|  |TAMS 0x0000000506e00000, 0x0000000506e00000| Untracked 
| 101|0x0000000506f00000, 0x0000000506f00000, 0x0000000507000000|  0%| F|  |TAMS 0x0000000506f00000, 0x0000000506f00000| Untracked 
| 102|0x0000000507000000, 0x0000000507000000, 0x0000000507100000|  0%| F|  |TAMS 0x0000000507000000, 0x0000000507000000| Untracked 
| 103|0x0000000507100000, 0x0000000507100000, 0x0000000507200000|  0%| F|  |TAMS 0x0000000507100000, 0x0000000507100000| Untracked 
| 104|0x0000000507200000, 0x0000000507200000, 0x0000000507300000|  0%| F|  |TAMS 0x0000000507200000, 0x0000000507200000| Untracked 
| 105|0x0000000507300000, 0x0000000507300000, 0x0000000507400000|  0%| F|  |TAMS 0x0000000507300000, 0x0000000507300000| Untracked 
| 106|0x0000000507400000, 0x0000000507400000, 0x0000000507500000|  0%| F|  |TAMS 0x0000000507400000, 0x0000000507400000| Untracked 
| 107|0x0000000507500000, 0x0000000507500000, 0x0000000507600000|  0%| F|  |TAMS 0x0000000507500000, 0x0000000507500000| Untracked 
| 108|0x0000000507600000, 0x0000000507600000, 0x0000000507700000|  0%| F|  |TAMS 0x0000000507600000, 0x0000000507600000| Untracked 
| 109|0x0000000507700000, 0x0000000507700000, 0x0000000507800000|  0%| F|  |TAMS 0x0000000507700000, 0x0000000507700000| Untracked 
| 110|0x0000000507800000, 0x0000000507800000, 0x0000000507900000|  0%| F|  |TAMS 0x0000000507800000, 0x0000000507800000| Untracked 
| 111|0x0000000507900000, 0x0000000507900000, 0x0000000507a00000|  0%| F|  |TAMS 0x0000000507900000, 0x0000000507900000| Untracked 
| 112|0x0000000507a00000, 0x0000000507a00000, 0x0000000507b00000|  0%| F|  |TAMS 0x0000000507a00000, 0x0000000507a00000| Untracked 
| 113|0x0000000507b00000, 0x0000000507b00000, 0x0000000507c00000|  0%| F|  |TAMS 0x0000000507b00000, 0x0000000507b00000| Untracked 
| 114|0x0000000507c00000, 0x0000000507c00000, 0x0000000507d00000|  0%| F|  |TAMS 0x0000000507c00000, 0x0000000507c00000| Untracked 
| 115|0x0000000507d00000, 0x0000000507d00000, 0x0000000507e00000|  0%| F|  |TAMS 0x0000000507d00000, 0x0000000507d00000| Untracked 
| 116|0x0000000507e00000, 0x0000000507e00000, 0x0000000507f00000|  0%| F|  |TAMS 0x0000000507e00000, 0x0000000507e00000| Untracked 
| 117|0x0000000507f00000, 0x0000000507f00000, 0x0000000508000000|  0%| F|  |TAMS 0x0000000507f00000, 0x0000000507f00000| Untracked 
| 118|0x0000000508000000, 0x0000000508000000, 0x0000000508100000|  0%| F|  |TAMS 0x0000000508000000, 0x0000000508000000| Untracked 
| 119|0x0000000508100000, 0x0000000508100000, 0x0000000508200000|  0%| F|  |TAMS 0x0000000508100000, 0x0000000508100000| Untracked 
| 120|0x0000000508200000, 0x0000000508200000, 0x0000000508300000|  0%| F|  |TAMS 0x0000000508200000, 0x0000000508200000| Untracked 
| 121|0x0000000508300000, 0x0000000508300000, 0x0000000508400000|  0%| F|  |TAMS 0x0000000508300000, 0x0000000508300000| Untracked 
| 122|0x0000000508400000, 0x0000000508400000, 0x0000000508500000|  0%| F|  |TAMS 0x0000000508400000, 0x0000000508400000| Untracked 
| 123|0x0000000508500000, 0x0000000508500000, 0x0000000508600000|  0%| F|  |TAMS 0x0000000508500000, 0x0000000508500000| Untracked 
| 124|0x0000000508600000, 0x0000000508600000, 0x0000000508700000|  0%| F|  |TAMS 0x0000000508600000, 0x0000000508600000| Untracked 
| 125|0x0000000508700000, 0x00000005087d8538, 0x0000000508800000| 84%| S|CS|TAMS 0x0000000508700000, 0x0000000508700000| Complete 
| 126|0x0000000508800000, 0x0000000508900000, 0x0000000508900000|100%| S|CS|TAMS 0x0000000508800000, 0x0000000508800000| Complete 
| 127|0x0000000508900000, 0x0000000508a00000, 0x0000000508a00000|100%| S|CS|TAMS 0x0000000508900000, 0x0000000508900000| Complete 
| 128|0x0000000508a00000, 0x0000000508b00000, 0x0000000508b00000|100%| S|CS|TAMS 0x0000000508a00000, 0x0000000508a00000| Complete 
| 129|0x0000000508b00000, 0x0000000508c00000, 0x0000000508c00000|100%| S|CS|TAMS 0x0000000508b00000, 0x0000000508b00000| Complete 
| 130|0x0000000508c00000, 0x0000000508c00000, 0x0000000508d00000|  0%| F|  |TAMS 0x0000000508c00000, 0x0000000508c00000| Untracked 
| 131|0x0000000508d00000, 0x0000000508d00000, 0x0000000508e00000|  0%| F|  |TAMS 0x0000000508d00000, 0x0000000508d00000| Untracked 
| 132|0x0000000508e00000, 0x0000000508e00000, 0x0000000508f00000|  0%| F|  |TAMS 0x0000000508e00000, 0x0000000508e00000| Untracked 
| 133|0x0000000508f00000, 0x0000000508f00000, 0x0000000509000000|  0%| F|  |TAMS 0x0000000508f00000, 0x0000000508f00000| Untracked 
| 134|0x0000000509000000, 0x0000000509000000, 0x0000000509100000|  0%| F|  |TAMS 0x0000000509000000, 0x0000000509000000| Untracked 
| 135|0x0000000509100000, 0x000000050913a120, 0x0000000509200000| 22%| S|  |TAMS 0x0000000509100000, 0x0000000509100000| Complete 
| 136|0x0000000509200000, 0x0000000509300000, 0x0000000509300000|100%| S|  |TAMS 0x0000000509200000, 0x0000000509200000| Complete 
| 137|0x0000000509300000, 0x0000000509400000, 0x0000000509400000|100%| S|CS|TAMS 0x0000000509300000, 0x0000000509300000| Complete 
| 138|0x0000000509400000, 0x0000000509500000, 0x0000000509500000|100%| S|CS|TAMS 0x0000000509400000, 0x0000000509400000| Complete 
| 139|0x0000000509500000, 0x0000000509500000, 0x0000000509600000|  0%| F|  |TAMS 0x0000000509500000, 0x0000000509500000| Untracked 
| 140|0x0000000509600000, 0x0000000509600000, 0x0000000509700000|  0%| F|  |TAMS 0x0000000509600000, 0x0000000509600000| Untracked 
| 141|0x0000000509700000, 0x0000000509700000, 0x0000000509800000|  0%| F|  |TAMS 0x0000000509700000, 0x0000000509700000| Untracked 
| 142|0x0000000509800000, 0x0000000509800000, 0x0000000509900000|  0%| F|  |TAMS 0x0000000509800000, 0x0000000509800000| Untracked 
| 143|0x0000000509900000, 0x0000000509900000, 0x0000000509a00000|  0%| F|  |TAMS 0x0000000509900000, 0x0000000509900000| Untracked 
| 144|0x0000000509a00000, 0x0000000509a00000, 0x0000000509b00000|  0%| F|  |TAMS 0x0000000509a00000, 0x0000000509a00000| Untracked 
| 145|0x0000000509b00000, 0x0000000509b00000, 0x0000000509c00000|  0%| F|  |TAMS 0x0000000509b00000, 0x0000000509b00000| Untracked 
| 146|0x0000000509c00000, 0x0000000509c00000, 0x0000000509d00000|  0%| F|  |TAMS 0x0000000509c00000, 0x0000000509c00000| Untracked 
| 147|0x0000000509d00000, 0x0000000509d00000, 0x0000000509e00000|  0%| F|  |TAMS 0x0000000509d00000, 0x0000000509d00000| Untracked 
| 148|0x0000000509e00000, 0x0000000509e00000, 0x0000000509f00000|  0%| F|  |TAMS 0x0000000509e00000, 0x0000000509e00000| Untracked 
| 149|0x0000000509f00000, 0x0000000509f00000, 0x000000050a000000|  0%| F|  |TAMS 0x0000000509f00000, 0x0000000509f00000| Untracked 
| 150|0x000000050a000000, 0x000000050a000000, 0x000000050a100000|  0%| F|  |TAMS 0x000000050a000000, 0x000000050a000000| Untracked 
| 151|0x000000050a100000, 0x000000050a100000, 0x000000050a200000|  0%| F|  |TAMS 0x000000050a100000, 0x000000050a100000| Untracked 
| 152|0x000000050a200000, 0x000000050a200000, 0x000000050a300000|  0%| F|  |TAMS 0x000000050a200000, 0x000000050a200000| Untracked 
| 153|0x000000050a300000, 0x000000050a300000, 0x000000050a400000|  0%| F|  |TAMS 0x000000050a300000, 0x000000050a300000| Untracked 
| 154|0x000000050a400000, 0x000000050a400000, 0x000000050a500000|  0%| F|  |TAMS 0x000000050a400000, 0x000000050a400000| Untracked 
| 155|0x000000050a500000, 0x000000050a500000, 0x000000050a600000|  0%| F|  |TAMS 0x000000050a500000, 0x000000050a500000| Untracked 
| 156|0x000000050a600000, 0x000000050a600000, 0x000000050a700000|  0%| F|  |TAMS 0x000000050a600000, 0x000000050a600000| Untracked 
| 157|0x000000050a700000, 0x000000050a700000, 0x000000050a800000|  0%| F|  |TAMS 0x000000050a700000, 0x000000050a700000| Untracked 
| 158|0x000000050a800000, 0x000000050a800000, 0x000000050a900000|  0%| F|  |TAMS 0x000000050a800000, 0x000000050a800000| Untracked 
| 159|0x000000050a900000, 0x000000050a900000, 0x000000050aa00000|  0%| F|  |TAMS 0x000000050a900000, 0x000000050a900000| Untracked 
| 160|0x000000050aa00000, 0x000000050aa00000, 0x000000050ab00000|  0%| F|  |TAMS 0x000000050aa00000, 0x000000050aa00000| Untracked 
| 161|0x000000050ab00000, 0x000000050ab00000, 0x000000050ac00000|  0%| F|  |TAMS 0x000000050ab00000, 0x000000050ab00000| Untracked 
| 162|0x000000050ac00000, 0x000000050ac00000, 0x000000050ad00000|  0%| F|  |TAMS 0x000000050ac00000, 0x000000050ac00000| Untracked 
| 163|0x000000050ad00000, 0x000000050ad00000, 0x000000050ae00000|  0%| F|  |TAMS 0x000000050ad00000, 0x000000050ad00000| Untracked 
| 164|0x000000050ae00000, 0x000000050ae00000, 0x000000050af00000|  0%| F|  |TAMS 0x000000050ae00000, 0x000000050ae00000| Untracked 
| 165|0x000000050af00000, 0x000000050af00000, 0x000000050b000000|  0%| F|  |TAMS 0x000000050af00000, 0x000000050af00000| Untracked 
| 166|0x000000050b000000, 0x000000050b000000, 0x000000050b100000|  0%| F|  |TAMS 0x000000050b000000, 0x000000050b000000| Untracked 
| 167|0x000000050b100000, 0x000000050b100000, 0x000000050b200000|  0%| F|  |TAMS 0x000000050b100000, 0x000000050b100000| Untracked 
| 168|0x000000050b200000, 0x000000050b200000, 0x000000050b300000|  0%| F|  |TAMS 0x000000050b200000, 0x000000050b200000| Untracked 
| 169|0x000000050b300000, 0x000000050b300000, 0x000000050b400000|  0%| F|  |TAMS 0x000000050b300000, 0x000000050b300000| Untracked 
| 170|0x000000050b400000, 0x000000050b400000, 0x000000050b500000|  0%| F|  |TAMS 0x000000050b400000, 0x000000050b400000| Untracked 
| 171|0x000000050b500000, 0x000000050b500000, 0x000000050b600000|  0%| F|  |TAMS 0x000000050b500000, 0x000000050b500000| Untracked 
| 172|0x000000050b600000, 0x000000050b600000, 0x000000050b700000|  0%| F|  |TAMS 0x000000050b600000, 0x000000050b600000| Untracked 
| 173|0x000000050b700000, 0x000000050b700000, 0x000000050b800000|  0%| F|  |TAMS 0x000000050b700000, 0x000000050b700000| Untracked 
| 174|0x000000050b800000, 0x000000050b800000, 0x000000050b900000|  0%| F|  |TAMS 0x000000050b800000, 0x000000050b800000| Untracked 
| 175|0x000000050b900000, 0x000000050b900000, 0x000000050ba00000|  0%| F|  |TAMS 0x000000050b900000, 0x000000050b900000| Untracked 
| 176|0x000000050ba00000, 0x000000050ba00000, 0x000000050bb00000|  0%| F|  |TAMS 0x000000050ba00000, 0x000000050ba00000| Untracked 
| 177|0x000000050bb00000, 0x000000050bb00000, 0x000000050bc00000|  0%| F|  |TAMS 0x000000050bb00000, 0x000000050bb00000| Untracked 
| 178|0x000000050bc00000, 0x000000050bc00000, 0x000000050bd00000|  0%| F|  |TAMS 0x000000050bc00000, 0x000000050bc00000| Untracked 
| 179|0x000000050bd00000, 0x000000050bd00000, 0x000000050be00000|  0%| F|  |TAMS 0x000000050bd00000, 0x000000050bd00000| Untracked 
| 180|0x000000050be00000, 0x000000050be00000, 0x000000050bf00000|  0%| F|  |TAMS 0x000000050be00000, 0x000000050be00000| Untracked 
| 181|0x000000050bf00000, 0x000000050bf00000, 0x000000050c000000|  0%| F|  |TAMS 0x000000050bf00000, 0x000000050bf00000| Untracked 
| 182|0x000000050c000000, 0x000000050c000000, 0x000000050c100000|  0%| F|  |TAMS 0x000000050c000000, 0x000000050c000000| Untracked 
| 183|0x000000050c100000, 0x000000050c100000, 0x000000050c200000|  0%| F|  |TAMS 0x000000050c100000, 0x000000050c100000| Untracked 
| 184|0x000000050c200000, 0x000000050c200000, 0x000000050c300000|  0%| F|  |TAMS 0x000000050c200000, 0x000000050c200000| Untracked 
| 185|0x000000050c300000, 0x000000050c300000, 0x000000050c400000|  0%| F|  |TAMS 0x000000050c300000, 0x000000050c300000| Untracked 
| 186|0x000000050c400000, 0x000000050c400000, 0x000000050c500000|  0%| F|  |TAMS 0x000000050c400000, 0x000000050c400000| Untracked 
| 187|0x000000050c500000, 0x000000050c500000, 0x000000050c600000|  0%| F|  |TAMS 0x000000050c500000, 0x000000050c500000| Untracked 
| 188|0x000000050c600000, 0x000000050c600000, 0x000000050c700000|  0%| F|  |TAMS 0x000000050c600000, 0x000000050c600000| Untracked 
| 189|0x000000050c700000, 0x000000050c700000, 0x000000050c800000|  0%| F|  |TAMS 0x000000050c700000, 0x000000050c700000| Untracked 
| 190|0x000000050c800000, 0x000000050c800000, 0x000000050c900000|  0%| F|  |TAMS 0x000000050c800000, 0x000000050c800000| Untracked 
| 191|0x000000050c900000, 0x000000050c900000, 0x000000050ca00000|  0%| F|  |TAMS 0x000000050c900000, 0x000000050c900000| Untracked 

Card table byte_map: [0x0000014b24e40000,0x0000014b25440000] _byte_map_base: 0x0000014b2263b000

Marking Bits (Prev, Next): (CMBitMap*) 0x0000014b0d164dd0, (CMBitMap*) 0x0000014b0d164d98
 Prev Bits: [0x0000014b28a00000, 0x0000014b2b9c0000)
 Next Bits: [0x0000014b25a40000, 0x0000014b28a00000)

Polling page: 0x0000014b0aee0000

Metaspace:

Usage:
  Non-class:     29.73 MB capacity,    29.48 MB (>99%) used,   205.74 KB ( <1%) free+waste,    51.31 KB ( <1%) overhead. 
      Class:      4.27 MB capacity,     4.15 MB ( 97%) used,   105.97 KB (  2%) free+waste,    22.19 KB ( <1%) overhead. 
       Both:     34.00 MB capacity,    33.62 MB ( 99%) used,   311.71 KB ( <1%) free+waste,    73.50 KB ( <1%) overhead. 

Virtual space:
  Non-class space:       38.00 MB reserved,      29.75 MB ( 78%) committed 
      Class space:        1.00 GB reserved,       4.38 MB ( <1%) committed 
             Both:        1.04 GB reserved,      34.13 MB (  3%) committed 

Chunk freelists:
   Non-Class:  24.00 KB
       Class:  7.00 KB
        Both:  31.00 KB

MaxMetaspaceSize: 17179869184.00 GB
CompressedClassSpaceSize: 1.00 GB
Initial GC threshold: 20.80 MB
Current GC threshold: 35.32 MB
CDS: off

CodeHeap 'non-profiled nmethods': size=120064Kb used=939Kb max_used=939Kb free=119124Kb
 bounds [0x0000014b1d300000, 0x0000014b1d570000, 0x0000014b24840000]
CodeHeap 'profiled nmethods': size=120000Kb used=3986Kb max_used=3986Kb free=116014Kb
 bounds [0x0000014b15dd0000, 0x0000014b161c0000, 0x0000014b1d300000]
CodeHeap 'non-nmethods': size=5696Kb used=1263Kb max_used=1275Kb free=4432Kb
 bounds [0x0000014b15840000, 0x0000014b15ab0000, 0x0000014b15dd0000]
 total_blobs=2618 nmethods=2067 adapters=463
 compilation: enabled
              stopped_count=0, restarted_count=0
 full_count=0

Compilation events (20 events):
Event: 2.525 Thread 0x0000014b2ddda000 1910       3       net.bytebuddy.description.method.MethodDescription$InDefinedShape$AbstractBase::<init> (5 bytes)
Event: 2.525 Thread 0x0000014b2ddda000 nmethod 1910 0x0000014b1616ea10 code [0x0000014b1616ebe0, 0x0000014b1616ee58]
Event: 2.525 Thread 0x0000014b2ddda000 1914       3       net.bytebuddy.description.method.ParameterList$ForLoadedExecutable$OfMethod::get (6 bytes)
Event: 2.525 Thread 0x0000014b2ddda000 nmethod 1914 0x0000014b1616ef90 code [0x0000014b1616f180, 0x0000014b1616f738]
Event: 2.525 Thread 0x0000014b2ddda000 1915       3       net.bytebuddy.description.method.ParameterList$ForLoadedExecutable$OfMethod::get (20 bytes)
Event: 2.525 Thread 0x0000014b2ddda000 nmethod 1915 0x0000014b1616f910 code [0x0000014b1616fb00, 0x0000014b16170058]
Event: 2.525 Thread 0x0000014b2ddda000 1916       3       net.bytebuddy.description.method.ParameterDescription$ForLoadedParameter$OfMethod::<init> (8 bytes)
Event: 2.526 Thread 0x0000014b2ddda000 nmethod 1916 0x0000014b16170210 code [0x0000014b161703e0, 0x0000014b16170798]
Event: 2.526 Thread 0x0000014b2ddda000 1913       3       net.bytebuddy.description.method.MethodDescription$ForLoadedMethod::getReturnType (29 bytes)
Event: 2.526 Thread 0x0000014b2ddda000 nmethod 1913 0x0000014b16170910 code [0x0000014b16170b00, 0x0000014b16170f78]
Event: 2.526 Thread 0x0000014b2ddda000 1911       3       jdk.internal.reflect.Reflection::verifyMemberAccess (190 bytes)
Event: 2.526 Thread 0x0000014b2ddd8800 1919       4       jdk.internal.reflect.ByteVectorImpl::getLength (7 bytes)
Event: 2.527 Thread 0x0000014b2ddd8800 nmethod 1919 0x0000014b1d3dec10 code [0x0000014b1d3deda0, 0x0000014b1d3dee18]
Event: 2.528 Thread 0x0000014b2ddda000 nmethod 1911 0x0000014b16171110 code [0x0000014b16171620, 0x0000014b16173d28]
Event: 2.528 Thread 0x0000014b2ddda000 1912       3       jdk.internal.reflect.Reflection::verifyModuleAccess (24 bytes)
Event: 2.529 Thread 0x0000014b2ddda000 nmethod 1912 0x0000014b16174890 code [0x0000014b16174aa0, 0x0000014b16174f98]
Event: 2.529 Thread 0x0000014b2ddda000 1917       3       jdk.internal.reflect.ClassFileAssembler::emitConstantPoolMethodref (28 bytes)
Event: 2.529 Thread 0x0000014b2ddda000 nmethod 1917 0x0000014b16175210 code [0x0000014b16175460, 0x0000014b16175ae8]
Event: 2.529 Thread 0x0000014b2ddda000 1918       1       jdk.internal.reflect.ClassFileAssembler::getStack (5 bytes)
Event: 2.529 Thread 0x0000014b2ddda000 nmethod 1918 0x0000014b1d3def10 code [0x0000014b1d3df0c0, 0x0000014b1d3df178]

GC Heap History (4 events):
Event: 0.337 GC heap before
{Heap before GC invocations=0 (full 0):
 garbage-first heap   total 196608K, used 15360K [0x0000000500a00000, 0x00000005bfa00000)
  region size 1024K, 14 young (14336K), 0 survivors (0K)
 Metaspace       used 6560K, capacity 6671K, committed 6784K, reserved 1056768K
  class space    used 562K, capacity 602K, committed 640K, reserved 1048576K
}
Event: 0.350 GC heap after
{Heap after GC invocations=1 (full 0):
 garbage-first heap   total 196608K, used 5239K [0x0000000500a00000, 0x00000005bfa00000)
  region size 1024K, 2 young (2048K), 2 survivors (2048K)
 Metaspace       used 6560K, capacity 6671K, committed 6784K, reserved 1056768K
  class space    used 562K, capacity 602K, committed 640K, reserved 1048576K
}
Event: 1.619 GC heap before
{Heap before GC invocations=1 (full 0):
 garbage-first heap   total 196608K, used 64631K [0x0000000500a00000, 0x00000005bfa00000)
  region size 1024K, 62 young (63488K), 2 survivors (2048K)
 Metaspace       used 20954K, capacity 21177K, committed 21248K, reserved 1069056K
  class space    used 2437K, capacity 2544K, committed 2560K, reserved 1048576K
}
Event: 1.626 GC heap after
{Heap after GC invocations=2 (full 0):
 garbage-first heap   total 196608K, used 8152K [0x0000000500a00000, 0x00000005bfa00000)
  region size 1024K, 5 young (5120K), 5 survivors (5120K)
 Metaspace       used 20954K, capacity 21177K, committed 21248K, reserved 1069056K
  class space    used 2437K, capacity 2544K, committed 2560K, reserved 1048576K
}

Deoptimization events (20 events):
Event: 1.712 Thread 0x0000014b0d113800 DEOPT PACKING pc=0x0000014b15fba578 sp=0x00000007a4dfbb70
Event: 1.712 Thread 0x0000014b0d113800 DEOPT UNPACKING pc=0x0000014b1588a95e sp=0x00000007a4dfb078 mode 0
Event: 1.810 Thread 0x0000014b0d113800 DEOPT PACKING pc=0x0000014b1607ef1d sp=0x00000007a4dfb2b0
Event: 1.810 Thread 0x0000014b0d113800 DEOPT UNPACKING pc=0x0000014b1588a95e sp=0x00000007a4dfa7d0 mode 0
Event: 1.932 Thread 0x0000014b0d113800 Uncommon trap: trap_request=0xffffff4d fr.pc=0x0000014b1d3016f8 relative=0x0000000000000058
Event: 1.932 Thread 0x0000014b0d113800 Uncommon trap: reason=unstable_if action=reinterpret pc=0x0000014b1d3016f8 method=java.lang.String.isLatin1()Z @ 10 c2
Event: 1.932 Thread 0x0000014b0d113800 DEOPT PACKING pc=0x0000014b1d3016f8 sp=0x00000007a4dfc500
Event: 1.932 Thread 0x0000014b0d113800 DEOPT UNPACKING pc=0x0000014b1588a1af sp=0x00000007a4dfc490 mode 2
Event: 1.958 Thread 0x0000014b0d113800 Uncommon trap: trap_request=0xffffff4d fr.pc=0x0000014b1d31cb80 relative=0x0000000000000160
Event: 1.958 Thread 0x0000014b0d113800 Uncommon trap: reason=unstable_if action=reinterpret pc=0x0000014b1d31cb80 method=java.lang.StringCoding.hasNegatives([BII)Z @ 12 c2
Event: 1.958 Thread 0x0000014b0d113800 DEOPT PACKING pc=0x0000014b1d31cb80 sp=0x00000007a4dfda20
Event: 1.958 Thread 0x0000014b0d113800 DEOPT UNPACKING pc=0x0000014b1588a1af sp=0x00000007a4dfd9b0 mode 2
Event: 1.989 Thread 0x0000014b0d113800 Uncommon trap: trap_request=0xffffffc6 fr.pc=0x0000014b1d3895b8 relative=0x0000000000000818
Event: 1.989 Thread 0x0000014b0d113800 Uncommon trap: reason=bimorphic_or_optimized_type_check action=maybe_recompile pc=0x0000014b1d3895b8 method=java.util.HashMap.putVal(ILjava/lang/Object;Ljava/lang/Object;ZZ)Ljava/lang/Object; @ 203 c2
Event: 1.989 Thread 0x0000014b0d113800 DEOPT PACKING pc=0x0000014b1d3895b8 sp=0x00000007a4dfd9e0
Event: 1.989 Thread 0x0000014b0d113800 DEOPT UNPACKING pc=0x0000014b1588a1af sp=0x00000007a4dfd908 mode 2
Event: 2.491 Thread 0x0000014b0d113800 Uncommon trap: trap_request=0xffffffc6 fr.pc=0x0000014b1d3895b8 relative=0x0000000000000818
Event: 2.491 Thread 0x0000014b0d113800 Uncommon trap: reason=bimorphic_or_optimized_type_check action=maybe_recompile pc=0x0000014b1d3895b8 method=java.util.HashMap.putVal(ILjava/lang/Object;Ljava/lang/Object;ZZ)Ljava/lang/Object; @ 203 c2
Event: 2.491 Thread 0x0000014b0d113800 DEOPT PACKING pc=0x0000014b1d3895b8 sp=0x00000007a4dfcaa0
Event: 2.491 Thread 0x0000014b0d113800 DEOPT UNPACKING pc=0x0000014b1588a1af sp=0x00000007a4dfc9b0 mode 2

Classes redefined (0 events):
No events

Internal exceptions (20 events):
Event: 0.301 Thread 0x0000014b0d113800 Exception <a 'java/security/PrivilegedActionException'{0x000000050c595240}> (0x000000050c595240) thrown at [./src/hotspot/share/prims/jvm.cpp, line 1306]
Event: 0.302 Thread 0x0000014b0d113800 Exception <a 'java/security/PrivilegedActionException'{0x000000050c595e70}> (0x000000050c595e70) thrown at [./src/hotspot/share/prims/jvm.cpp, line 1306]
Event: 0.302 Thread 0x0000014b0d113800 Exception <a 'java/security/PrivilegedActionException'{0x000000050c596140}> (0x000000050c596140) thrown at [./src/hotspot/share/prims/jvm.cpp, line 1306]
Event: 0.302 Thread 0x0000014b0d113800 Exception <a 'java/security/PrivilegedActionException'{0x000000050c597030}> (0x000000050c597030) thrown at [./src/hotspot/share/prims/jvm.cpp, line 1306]
Event: 0.302 Thread 0x0000014b0d113800 Exception <a 'java/security/PrivilegedActionException'{0x000000050c597300}> (0x000000050c597300) thrown at [./src/hotspot/share/prims/jvm.cpp, line 1306]
Event: 0.303 Thread 0x0000014b0d113800 Exception <a 'java/security/PrivilegedActionException'{0x000000050c597fd8}> (0x000000050c597fd8) thrown at [./src/hotspot/share/prims/jvm.cpp, line 1306]
Event: 0.303 Thread 0x0000014b0d113800 Exception <a 'java/security/PrivilegedActionException'{0x000000050c5982a8}> (0x000000050c5982a8) thrown at [./src/hotspot/share/prims/jvm.cpp, line 1306]
Event: 0.886 Thread 0x0000014b0d113800 Exception <a 'java/lang/NoSuchMethodError'{0x0000000509c17d58}: 'java.lang.Object java.lang.invoke.DirectMethodHandle$Holder.invokeStatic(java.lang.Object, java.lang.Object, java.lang.Object, java.lang.Object, java.lang.Object, java.lang.Object, java.lang.Object, java.lang.Object, java.lang.Object, java.lang.Object, java.lang.Object, java.lang.Object, java.lang.Object, java.lang.Object, java.lang.Object)'> (0x0000000509c17d58) thrown at [./src/hotspot/share/interpreter/linkResolver.cpp, line 773]
Event: 0.888 Thread 0x0000014b0d113800 Exception <a 'java/lang/NoSuchMethodError'{0x0000000509c259d8}: 'java.lang.Object java.lang.invoke.DirectMethodHandle$Holder.invokeStatic(java.lang.Object, java.lang.Object, java.lang.Object, java.lang.Object, java.lang.Object, java.lang.Object, java.lang.Object, java.lang.Object, java.lang.Object, java.lang.Object, java.lang.Object, java.lang.Object, java.lang.Object, java.lang.Object, java.lang.Object, java.lang.Object)'> (0x0000000509c259d8) thrown at [./src/hotspot/share/interpreter/linkResolver.cpp, l
Event: 0.890 Thread 0x0000014b0d113800 Exception <a 'java/lang/NoSuchMethodError'{0x0000000509c33648}: 'java.lang.Object java.lang.invoke.DirectMethodHandle$Holder.invokeSpecial(java.lang.Object, java.lang.Object, int, int, java.lang.Object, java.lang.Object, java.lang.Object)'> (0x0000000509c33648) thrown at [./src/hotspot/share/interpreter/linkResolver.cpp, line 773]
Event: 0.890 Thread 0x0000014b0d113800 Exception <a 'java/lang/NoSuchMethodError'{0x0000000509c36bd8}: 'java.lang.Object java.lang.invoke.DelegatingMethodHandle$Holder.reinvoke_L(java.lang.Object, int, int, java.lang.Object, java.lang.Object, java.lang.Object)'> (0x0000000509c36bd8) thrown at [./src/hotspot/share/interpreter/linkResolver.cpp, line 773]
Event: 0.891 Thread 0x0000014b0d113800 Exception <a 'java/lang/NoSuchMethodError'{0x0000000509c3af60}: 'java.lang.Object java.lang.invoke.DirectMethodHandle$Holder.invokeStatic(java.lang.Object, java.lang.Object, java.lang.Object, java.lang.Object, int)'> (0x0000000509c3af60) thrown at [./src/hotspot/share/interpreter/linkResolver.cpp, line 773]
Event: 1.023 Thread 0x0000014b0d113800 Exception <a 'java/lang/NullPointerException'{0x000000050997ebd0}> (0x000000050997ebd0) thrown at [./src/hotspot/share/interpreter/linkResolver.cpp, line 1440]
Event: 1.074 Thread 0x0000014b0d113800 Implicit null exception at 0x0000014b1d34b89e to 0x0000014b1d34c71c
Event: 1.256 Thread 0x0000014b0d113800 Exception <a 'java/lang/NoSuchMethodError'{0x0000000509283850}: 'int java.lang.invoke.DirectMethodHandle$Holder.invokeSpecialIFC(java.lang.Object, java.lang.Object, int)'> (0x0000000509283850) thrown at [./src/hotspot/share/interpreter/linkResolver.cpp, line 773]
Event: 1.262 Thread 0x0000014b0d113800 Exception <a 'java/lang/ClassNotFoundException'{0x00000005092963f8}: com/sun/org/apache/xerces/internal/impl/xpath/regex/spi/messageProvider> (0x00000005092963f8) thrown at [./src/hotspot/share/classfile/systemDictionary.cpp, line 231]
Event: 1.381 Thread 0x0000014b0d113800 Exception <a 'java/lang/NoSuchMethodError'{0x0000000508fc8ed0}: 'java.lang.Object java.lang.invoke.DirectMethodHandle$Holder.invokeStaticInit(java.lang.Object, int, int, int, int)'> (0x0000000508fc8ed0) thrown at [./src/hotspot/share/interpreter/linkResolver.cpp, line 773]
Event: 1.550 Thread 0x0000014b0d113800 Exception <a 'java/lang/NoSuchMethodError'{0x0000000508e67360}: 'java.lang.Object java.lang.invoke.DirectMethodHandle$Holder.invokeStaticInit(java.lang.Object, java.lang.Object, int, int, int, int)'> (0x0000000508e67360) thrown at [./src/hotspot/share/interpreter/linkResolver.cpp, line 773]
Event: 1.789 Thread 0x0000014b0d113800 Exception <a 'java/lang/NoSuchMethodError'{0x000000050c3620e0}: 'java.lang.Object java.lang.invoke.DirectMethodHandle$Holder.invokeVirtual(java.lang.Object, java.lang.Object, java.lang.Object)'> (0x000000050c3620e0) thrown at [./src/hotspot/share/interpreter/linkResolver.cpp, line 773]
Event: 1.968 Thread 0x0000014b0d113800 Exception <a 'java/lang/NoSuchMethodError'{0x000000050bcff580}: 'void java.lang.invoke.DirectMethodHandle$Holder.invokeVirtual(java.lang.Object, java.lang.Object)'> (0x000000050bcff580) thrown at [./src/hotspot/share/interpreter/linkResolver.cpp, line 773]

Events (20 events):
Event: 2.532 loading class net/bytebuddy/description/type/TypeDescription$Generic$Visitor$Reducing
Event: 2.532 loading class net/bytebuddy/description/type/TypeDescription$Generic$Visitor$Reducing done
Event: 2.533 loading class net/bytebuddy/description/type/TypeVariableToken
Event: 2.533 loading class net/bytebuddy/description/type/TypeVariableToken done
Event: 2.533 loading class net/bytebuddy/dynamic/scaffold/FieldRegistry$Default$Compiled
Event: 2.533 loading class net/bytebuddy/dynamic/scaffold/FieldRegistry$Default$Compiled done
Event: 2.533 loading class net/bytebuddy/dynamic/scaffold/TypeWriter$Default
Event: 2.533 loading class net/bytebuddy/dynamic/scaffold/TypeWriter$Default done
Event: 2.534 loading class net/bytebuddy/dynamic/scaffold/TypeWriter
Event: 2.534 loading class net/bytebuddy/dynamic/scaffold/TypeWriter done
Event: 2.534 loading class net/bytebuddy/dynamic/scaffold/inline/MethodRebaseResolver
Event: 2.534 loading class net/bytebuddy/dynamic/scaffold/inline/MethodRebaseResolver done
Event: 2.535 loading class net/bytebuddy/dynamic/scaffold/TypeWriter$Default$ClassDumpAction$Dispatcher$Disabled
Event: 2.535 loading class net/bytebuddy/dynamic/scaffold/TypeWriter$Default$ClassDumpAction$Dispatcher$Disabled done
Event: 2.535 loading class net/bytebuddy/dynamic/scaffold/TypeWriter$Default$ClassDumpAction$Dispatcher
Event: 2.535 loading class net/bytebuddy/dynamic/scaffold/TypeWriter$Default$ClassDumpAction$Dispatcher done
Event: 2.535 loading class net/bytebuddy/dynamic/scaffold/TypeWriter$Default$ClassDumpAction$Dispatcher$Enabled
Event: 2.535 loading class net/bytebuddy/dynamic/scaffold/TypeWriter$Default$ClassDumpAction$Dispatcher$Enabled done
Event: 2.535 loading class net/bytebuddy/dynamic/scaffold/TypeWriter$Default$ForCreation
Event: 2.535 loading class net/bytebuddy/dynamic/scaffold/TypeWriter$Default$ForCreation done


Dynamic libraries:
0x00007ff6e5210000 - 0x00007ff6e521d000 	C:\Users\kyro\.jdks\corretto-11.0.13\bin\java.exe
0x00007ff8c81d0000 - 0x00007ff8c83c5000 	C:\Windows\SYSTEM32\ntdll.dll
0x00007ff89e5b0000 - 0x00007ff89e5c6000 	C:\Soft\aswhook.dll
0x00007ff8c7030000 - 0x00007ff8c70ee000 	C:\Windows\System32\KERNEL32.DLL
0x00007ff8c59a0000 - 0x00007ff8c5c68000 	C:\Windows\System32\KERNELBASE.dll
0x00007ff8c5db0000 - 0x00007ff8c5eb0000 	C:\Windows\System32\ucrtbase.dll
0x00007ff8bf580000 - 0x00007ff8bf599000 	C:\Users\kyro\.jdks\corretto-11.0.13\bin\VCRUNTIME140.dll
0x00007ff8bf560000 - 0x00007ff8bf577000 	C:\Users\kyro\.jdks\corretto-11.0.13\bin\jli.dll
0x00007ff8c7ae0000 - 0x00007ff8c7c81000 	C:\Windows\System32\USER32.dll
0x00007ff8b0f00000 - 0x00007ff8b119a000 	C:\Windows\WinSxS\amd64_microsoft.windows.common-controls_6595b64144ccf1df_6.0.19041.1110_none_60b5254171f9507e\COMCTL32.dll
0x00007ff8c5eb0000 - 0x00007ff8c5ed2000 	C:\Windows\System32\win32u.dll
0x00007ff8c70f0000 - 0x00007ff8c718e000 	C:\Windows\System32\msvcrt.dll
0x00007ff8c6e50000 - 0x00007ff8c6e7b000 	C:\Windows\System32\GDI32.dll
0x00007ff8c5ee0000 - 0x00007ff8c5feb000 	C:\Windows\System32\gdi32full.dll
0x00007ff8c6180000 - 0x00007ff8c621d000 	C:\Windows\System32\msvcp_win.dll
0x00007ff8c7670000 - 0x00007ff8c76a0000 	C:\Windows\System32\IMM32.DLL
0x00007ff8b6a30000 - 0x00007ff8b6acb000 	C:\Users\kyro\.jdks\corretto-11.0.13\bin\msvcp140.dll
0x00007ff87f3c0000 - 0x00007ff87ff3f000 	C:\Users\kyro\.jdks\corretto-11.0.13\bin\server\jvm.dll
0x00007ff8c7c90000 - 0x00007ff8c7d3c000 	C:\Windows\System32\ADVAPI32.dll
0x00007ff8c8010000 - 0x00007ff8c80ab000 	C:\Windows\System32\sechost.dll
0x00007ff8c6f00000 - 0x00007ff8c702a000 	C:\Windows\System32\RPCRT4.dll
0x00007ff8c6220000 - 0x00007ff8c6228000 	C:\Windows\System32\PSAPI.DLL
0x00007ff8bb090000 - 0x00007ff8bb0b7000 	C:\Windows\SYSTEM32\WINMM.dll
0x00007ff8beca0000 - 0x00007ff8becaa000 	C:\Windows\SYSTEM32\VERSION.dll
0x00007ff8ba900000 - 0x00007ff8ba909000 	C:\Windows\SYSTEM32\WSOCK32.dll
0x00007ff8c7830000 - 0x00007ff8c789b000 	C:\Windows\System32\WS2_32.dll
0x00007ff8c37d0000 - 0x00007ff8c37e2000 	C:\Windows\SYSTEM32\kernel.appcore.dll
0x00007ff8bf550000 - 0x00007ff8bf560000 	C:\Users\kyro\.jdks\corretto-11.0.13\bin\verify.dll
0x00007ff8bd930000 - 0x00007ff8bdb14000 	C:\Windows\SYSTEM32\DBGHELP.DLL
0x00007ff8bce80000 - 0x00007ff8bceac000 	C:\Windows\SYSTEM32\dbgcore.DLL
0x00007ff8c5d20000 - 0x00007ff8c5da3000 	C:\Windows\System32\bcryptPrimitives.dll
0x00007ff8bf520000 - 0x00007ff8bf548000 	C:\Users\kyro\.jdks\corretto-11.0.13\bin\java.dll
0x00007ff8bf510000 - 0x00007ff8bf51a000 	C:\Users\kyro\.jdks\corretto-11.0.13\bin\jimage.dll
0x00007ff8bf4e0000 - 0x00007ff8bf4ee000 	C:\Users\kyro\.jdks\corretto-11.0.13\bin\instrument.dll
0x00007ff8bf4f0000 - 0x00007ff8bf507000 	C:\Users\kyro\.jdks\corretto-11.0.13\bin\zip.dll
0x00007ff8c6290000 - 0x00007ff8c69cf000 	C:\Windows\System32\SHELL32.dll
0x00007ff8c39d0000 - 0x00007ff8c4160000 	C:\Windows\SYSTEM32\windows.storage.dll
0x00007ff8c7260000 - 0x00007ff8c75b5000 	C:\Windows\System32\combase.dll
0x00007ff8c5260000 - 0x00007ff8c528e000 	C:\Windows\SYSTEM32\Wldp.dll
0x00007ff8c78d0000 - 0x00007ff8c797d000 	C:\Windows\System32\SHCORE.dll
0x00007ff8c77d0000 - 0x00007ff8c7825000 	C:\Windows\System32\shlwapi.dll
0x00007ff8c5830000 - 0x00007ff8c584f000 	C:\Windows\SYSTEM32\profapi.dll
0x00007ff8b9020000 - 0x00007ff8b9039000 	C:\Users\kyro\.jdks\corretto-11.0.13\bin\net.dll
0x00007ff8b86a0000 - 0x00007ff8b87ac000 	C:\Windows\SYSTEM32\WINHTTP.dll
0x00007ff8c5040000 - 0x00007ff8c50aa000 	C:\Windows\system32\mswsock.dll
0x00007ff8b9000000 - 0x00007ff8b9012000 	C:\Users\kyro\.jdks\corretto-11.0.13\bin\nio.dll
0x00007ff8b6a10000 - 0x00007ff8b6a2a000 	C:\Users\kyro\AppData\Local\JetBrains\apps\IDEA-U\ch-0\212.5457.46\bin\breakgen64.dll
0x00007ff8c52a0000 - 0x00007ff8c52b8000 	C:\Windows\SYSTEM32\CRYPTSP.dll
0x00007ff8c4970000 - 0x00007ff8c49a4000 	C:\Windows\system32\rsaenh.dll
0x00007ff8c6150000 - 0x00007ff8c6177000 	C:\Windows\System32\bcrypt.dll
0x00007ff8c57f0000 - 0x00007ff8c581e000 	C:\Windows\SYSTEM32\USERENV.dll
0x00007ff8c51d0000 - 0x00007ff8c51dc000 	C:\Windows\SYSTEM32\CRYPTBASE.dll
0x00007ff8c4d00000 - 0x00007ff8c4d3b000 	C:\Windows\SYSTEM32\IPHLPAPI.DLL
0x00007ff8c7ad0000 - 0x00007ff8c7ad8000 	C:\Windows\System32\NSI.dll
0x00007ff8bf340000 - 0x00007ff8bf357000 	C:\Windows\SYSTEM32\dhcpcsvc6.DLL
0x00007ff8bf320000 - 0x00007ff8bf33d000 	C:\Windows\SYSTEM32\dhcpcsvc.DLL
0x00007ff8c4d40000 - 0x00007ff8c4e0b000 	C:\Windows\SYSTEM32\DNSAPI.dll
0x00007ff8be280000 - 0x00007ff8be28a000 	C:\Windows\System32\rasadhlp.dll
0x00007ff8b6b10000 - 0x00007ff8b6b8f000 	C:\Windows\System32\fwpuclnt.dll

dbghelp: loaded successfully - version: 4.0.5 - missing functions: none
symbol engine: initialized successfully - sym options: 0x614 - pdb path: .;C:\Users\kyro\.jdks\corretto-11.0.13\bin;C:\Windows\SYSTEM32;C:\Soft;C:\Windows\WinSxS\amd64_microsoft.windows.common-controls_6595b64144ccf1df_6.0.19041.1110_none_60b5254171f9507e;C:\Users\kyro\.jdks\corretto-11.0.13\bin\server;C:\Users\kyro\AppData\Local\JetBrains\apps\IDEA-U\ch-0\212.5457.46\bin

VM Arguments:
jvm_args: -javaagent:C:\Users\kyro\AppData\Local\JetBrains\apps\IDEA-U\ch-0\212.5457.46\lib\idea_rt.jar=59632:C:\Users\kyro\AppData\Local\JetBrains\apps\IDEA-U\ch-0\212.5457.46\bin -Dfile.encoding=UTF-8 
java_command: hibernate_one_to_many_bi.Test1
java_class_path (initial): D:\Prog\udemy\spring\target\classes;D:\Prog\udemy\spring\lib\classmate-1.5.1.jar;D:\Prog\udemy\spring\lib\dom4j-2.1.1.jar;D:\Prog\udemy\spring\lib\antlr-2.7.7.jar;D:\Prog\udemy\spring\lib\byte-buddy-1.10.7.jar;D:\Prog\udemy\spring\lib\hibernate-commons-annotations-5.1.0.Final.jar;D:\Prog\udemy\spring\lib\FastInfoset-1.2.15.jar;D:\Prog\udemy\spring\lib\istack-commons-runtime-3.0.7.jar;D:\Prog\udemy\spring\lib\jandex-2.1.1.Final.jar;D:\Prog\udemy\spring\lib\javassist-3.24.0-GA.jar;D:\Prog\udemy\spring\lib\javax.activation-api-1.2.0.jar;D:\Prog\udemy\spring\lib\jaxb-api-2.3.1.jar;D:\Prog\udemy\spring\lib\javax.persistence-api-2.2.jar;D:\Prog\udemy\spring\lib\hibernate-core-5.4.11.Final.jar;D:\Prog\udemy\spring\lib\jaxb-runtime-2.3.1.jar;D:\Prog\udemy\spring\lib\jboss-logging-3.3.2.Final.jar;D:\Prog\udemy\spring\lib\jboss-transaction-api_1.2_spec-1.1.1.Final.jar;D:\Prog\udemy\spring\lib\stax-ex-1.8.jar;D:\Prog\udemy\spring\lib\txw2-2.3.1.jar;C:\Users\kyro\.m2\repository\org\springframework\spring-context\5.3.13\spring-context-5.3.13.jar;C:\Users\kyro\.m2\repository\org\springframework\spring-aop\5.3.13\spring-aop-5.3.13.jar;C:\Users\kyro\.m2\repository\org\springframework\spring-beans\5.3.13\spring-beans-5.3.13.jar;C:\Users\kyro\.m2\repository\org\springframework\spring-core\5.3.13\spring-core-5.3.13.jar;C:\Users\kyro\.m2\repository\org\springframework\spring-jcl\5.3.13\spring-jcl-5.3.13.jar;C:\Users\kyro\.m2\repository\org\springframework\spring-expression\5.3.13\spring-expression-5.3.13.jar;C:\Users\kyro\.m2\repository\javax\annotation\javax.annotation-api\1.3.2\javax.annotation-api-1.3.2.jar;C:\Users\kyro\.m2\repository\org\aspectj\aspectjweaver\1.9.6\aspectjweaver-1.9.6.jar;C:\Users\kyro\.m2\repository\org\hibernate\hibernate-core\5.4.21.Final\hibernate-core-5.4.21.Final.jar;C:\Users\kyro\.m2\repository\org\jboss\logging\jboss-logging\3.3.2.Final\jboss-logging-3.3.2.Final.jar;C:\Users\kyro\.m2\repository\javax\persistence\javax.persisten
Launcher Type: SUN_STANDARD

[Global flags]
     intx CICompilerCount                          = 3                                         {product} {ergonomic}
     uint ConcGCThreads                            = 1                                         {product} {ergonomic}
     uint G1ConcRefinementThreads                  = 4                                         {product} {ergonomic}
   size_t G1HeapRegionSize                         = 1048576                                   {product} {ergonomic}
    uintx GCDrainStackTargetSize                   = 64                                        {product} {ergonomic}
   size_t InitialHeapSize                          = 201326592                                 {product} {ergonomic}
   size_t MarkStackSize                            = 4194304                                   {product} {ergonomic}
   size_t MaxHeapSize                              = 3204448256                                {product} {ergonomic}
   size_t MaxNewSize                               = 1922039808                                {product} {ergonomic}
   size_t MinHeapDeltaBytes                        = 1048576                                   {product} {ergonomic}
    uintx NonNMethodCodeHeapSize                   = 5830732                                {pd product} {ergonomic}
    uintx NonProfiledCodeHeapSize                  = 122913754                              {pd product} {ergonomic}
    uintx ProfiledCodeHeapSize                     = 122913754                              {pd product} {ergonomic}
    uintx ReservedCodeCacheSize                    = 251658240                              {pd product} {ergonomic}
     bool SegmentedCodeCache                       = true                                      {product} {ergonomic}
     bool UseCompressedClassPointers               = true                                 {lp64_product} {ergonomic}
     bool UseCompressedOops                        = true                                 {lp64_product} {ergonomic}
     bool UseG1GC                                  = true                                      {product} {ergonomic}
     bool UseLargePagesIndividualAllocation        = false                                  {pd product} {ergonomic}

Logging:
Log output configuration:
 #0: stdout all=warning uptime,level,tags
 #1: stderr all=off uptime,level,tags

Environment Variables:
JAVA_HOME=C:\Program Files\Java\jdk-15
PATH=D:\Soft\dbhomeXE\bin;D:\Soft\OracleSQLDeveloper\dbhomeXE\bin;C:\Program Files\Common Files\Oracle\Java\javapath;C:\Windows\system32;C:\Windows;C:\Windows\System32\Wbem;C:\Windows\System32\WindowsPowerShell\v1.0\;C:\Windows\System32\OpenSSH\;C:\Program Files\NVIDIA Corporation\NVIDIA NvDLISR;C:\Program Files (x86)\NVIDIA Corporation\PhysX\Common;C:\Program Files\Git\cmd;C:\Program Files\dotnet\;C:\Program Files\Microsoft SQL Server\130\Tools\Binn\;C:\Program Files\Microsoft SQL Server\Client SDK\ODBC\170\Tools\Binn\;C:\Program Files\apache-maven-3.8.2\bin;C:\Program Files\MySQL\MySQL Shell 8.0\bin\;C:\Users\kyro\AppData\Local\Microsoft\WindowsApps;D:\Soft\Keyboard Maniac;C:\Users\kyro\.dotnet\tools;D:\Soft\Fiddler
USERNAME=kyro
OS=Windows_NT
PROCESSOR_IDENTIFIER=Intel64 Family 6 Model 42 Stepping 7, GenuineIntel



---------------  S Y S T E M  ---------------

OS: Windows 10 , 64 bit Build 19041 (10.0.19041.1348)
OS uptime: 5 days 3:26 hours
Hyper-V role detected

CPU:total 4 (initial active 4) (4 cores per cpu, 1 threads per core) family 6 model 42 stepping 7 microcode 0x2f, cmov, cx8, fxsr, mmx, sse, sse2, sse3, ssse3, sse4.1, sse4.2, popcnt, avx, aes, clmul, tsc, tscinvbit

Memory: 4k page, system-wide physical 12216M (2551M free)
TotalPageFile size 12216M (AvailPageFile size 3M)
current process WorkingSet (physical memory assigned to process): 190M, peak: 190M
current process commit charge ("private bytes"): 345M, peak: 346M

vm_info: OpenJDK 64-Bit Server VM (11.0.13+8-LTS) for windows-amd64 JRE (11.0.13+8-LTS), built on Oct 13 2021 21:32:06 by "Administrator" with unknown MS VC++:1916

END.
